<?xml version="1.0" encoding="UTF-8"?>
<testng-results skipped="0" failed="3" total="24" passed="21">
  <reporter-output>
  </reporter-output>
  <suite name="Suite" duration-ms="463870" started-at="2016-05-09T18:00:22Z" finished-at="2016-05-09T18:08:06Z">
    <groups>
      <group name="Account">
        <method signature="AccountPageTest.account_001(java.lang.String)[pri:0, instance:Test.Gurukula.AccountPageTest@11c20519]" name="account_001" class="Test.Gurukula.AccountPageTest"/>
        <method signature="AccountPageTest.account_002(java.lang.String, java.lang.String, java.lang.String, java.lang.String)[pri:0, instance:Test.Gurukula.AccountPageTest@11c20519]" name="account_002" class="Test.Gurukula.AccountPageTest"/>
        <method signature="AccountPageTest.account_003(java.lang.String)[pri:0, instance:Test.Gurukula.AccountPageTest@11c20519]" name="account_003" class="Test.Gurukula.AccountPageTest"/>
        <method signature="AccountPageTest.account_004(java.lang.String, java.lang.String)[pri:0, instance:Test.Gurukula.AccountPageTest@11c20519]" name="account_004" class="Test.Gurukula.AccountPageTest"/>
        <method signature="AccountPageTest.account_006(java.lang.String)[pri:0, instance:Test.Gurukula.AccountPageTest@11c20519]" name="account_006" class="Test.Gurukula.AccountPageTest"/>
        <method signature="AccountPageTest.account_008()[pri:0, instance:Test.Gurukula.AccountPageTest@11c20519]" name="account_008" class="Test.Gurukula.AccountPageTest"/>
        <method signature="AccountPageTest.account_007(java.lang.String)[pri:0, instance:Test.Gurukula.AccountPageTest@11c20519]" name="account_007" class="Test.Gurukula.AccountPageTest"/>
        <method signature="AccountPageTest.account_005(java.lang.String, java.lang.String)[pri:0, instance:Test.Gurukula.AccountPageTest@11c20519]" name="account_005" class="Test.Gurukula.AccountPageTest"/>
      </group> <!-- Account -->
      <group name="Branch">
        <method signature="BranchPageTest.branch_001(java.lang.String)[pri:0, instance:Test.Gurukula.BranchPageTest@76329302]" name="branch_001" class="Test.Gurukula.BranchPageTest"/>
        <method signature="BranchPageTest.branch_002(java.lang.String, java.lang.String)[pri:0, instance:Test.Gurukula.BranchPageTest@76329302]" name="branch_002" class="Test.Gurukula.BranchPageTest"/>
        <method signature="BranchPageTest.branch_003(java.lang.String, java.lang.String)[pri:0, instance:Test.Gurukula.BranchPageTest@76329302]" name="branch_003" class="Test.Gurukula.BranchPageTest"/>
      </group> <!-- Branch -->
      <group name="Staff">
        <method signature="StaffPageTest.staff_001(java.lang.String)[pri:0, instance:Test.Gurukula.StaffPageTest@5e25a92e]" name="staff_001" class="Test.Gurukula.StaffPageTest"/>
        <method signature="StaffPageTest.staff_002(java.lang.String, java.lang.String, java.lang.String, java.lang.String)[pri:0, instance:Test.Gurukula.StaffPageTest@5e25a92e]" name="staff_002" class="Test.Gurukula.StaffPageTest"/>
        <method signature="StaffPageTest.staff_003(java.lang.String, java.lang.String, java.lang.String, java.lang.String)[pri:0, instance:Test.Gurukula.StaffPageTest@5e25a92e]" name="staff_003" class="Test.Gurukula.StaffPageTest"/>
      </group> <!-- Staff -->
      <group name="Regression">
        <method signature="AccountPageTest.account_001(java.lang.String)[pri:0, instance:Test.Gurukula.AccountPageTest@11c20519]" name="account_001" class="Test.Gurukula.AccountPageTest"/>
        <method signature="AccountPageTest.account_002(java.lang.String, java.lang.String, java.lang.String, java.lang.String)[pri:0, instance:Test.Gurukula.AccountPageTest@11c20519]" name="account_002" class="Test.Gurukula.AccountPageTest"/>
        <method signature="AccountPageTest.account_003(java.lang.String)[pri:0, instance:Test.Gurukula.AccountPageTest@11c20519]" name="account_003" class="Test.Gurukula.AccountPageTest"/>
        <method signature="BranchPageTest.branch_001(java.lang.String)[pri:0, instance:Test.Gurukula.BranchPageTest@76329302]" name="branch_001" class="Test.Gurukula.BranchPageTest"/>
        <method signature="BranchPageTest.branch_002(java.lang.String, java.lang.String)[pri:0, instance:Test.Gurukula.BranchPageTest@76329302]" name="branch_002" class="Test.Gurukula.BranchPageTest"/>
        <method signature="BranchPageTest.branch_003(java.lang.String, java.lang.String)[pri:0, instance:Test.Gurukula.BranchPageTest@76329302]" name="branch_003" class="Test.Gurukula.BranchPageTest"/>
        <method signature="HomePageTest.home_001(java.lang.String)[pri:0, instance:Test.Gurukula.HomePageTest@b59d31]" name="home_001" class="Test.Gurukula.HomePageTest"/>
        <method signature="HomePageTest.home_002()[pri:0, instance:Test.Gurukula.HomePageTest@b59d31]" name="home_002" class="Test.Gurukula.HomePageTest"/>
        <method signature="LoginPageTest.login_001(java.lang.String)[pri:0, instance:Test.Gurukula.LoginPageTest@4df828d7]" name="login_001" class="Test.Gurukula.LoginPageTest"/>
        <method signature="LoginPageTest.login_002(java.lang.String)[pri:0, instance:Test.Gurukula.LoginPageTest@4df828d7]" name="login_002" class="Test.Gurukula.LoginPageTest"/>
        <method signature="LoginPageTest.login_003(java.lang.String)[pri:0, instance:Test.Gurukula.LoginPageTest@4df828d7]" name="login_003" class="Test.Gurukula.LoginPageTest"/>
        <method signature="LoginPageTest.login_004(java.lang.String, java.lang.String)[pri:0, instance:Test.Gurukula.LoginPageTest@4df828d7]" name="login_004" class="Test.Gurukula.LoginPageTest"/>
        <method signature="LoginPageTest.login_005(java.lang.String, java.lang.String)[pri:0, instance:Test.Gurukula.LoginPageTest@4df828d7]" name="login_005" class="Test.Gurukula.LoginPageTest"/>
        <method signature="LoginPageTest.login_006(java.lang.String)[pri:0, instance:Test.Gurukula.LoginPageTest@4df828d7]" name="login_006" class="Test.Gurukula.LoginPageTest"/>
        <method signature="LoginPageTest.login_007()[pri:0, instance:Test.Gurukula.LoginPageTest@4df828d7]" name="login_007" class="Test.Gurukula.LoginPageTest"/>
        <method signature="LoginPageTest.login_008(java.lang.String, java.lang.String, java.lang.String)[pri:0, instance:Test.Gurukula.LoginPageTest@4df828d7]" name="login_008" class="Test.Gurukula.LoginPageTest"/>
        <method signature="StaffPageTest.staff_001(java.lang.String)[pri:0, instance:Test.Gurukula.StaffPageTest@5e25a92e]" name="staff_001" class="Test.Gurukula.StaffPageTest"/>
        <method signature="StaffPageTest.staff_002(java.lang.String, java.lang.String, java.lang.String, java.lang.String)[pri:0, instance:Test.Gurukula.StaffPageTest@5e25a92e]" name="staff_002" class="Test.Gurukula.StaffPageTest"/>
        <method signature="StaffPageTest.staff_003(java.lang.String, java.lang.String, java.lang.String, java.lang.String)[pri:0, instance:Test.Gurukula.StaffPageTest@5e25a92e]" name="staff_003" class="Test.Gurukula.StaffPageTest"/>
        <method signature="AccountPageTest.account_004(java.lang.String, java.lang.String)[pri:0, instance:Test.Gurukula.AccountPageTest@11c20519]" name="account_004" class="Test.Gurukula.AccountPageTest"/>
        <method signature="AccountPageTest.account_006(java.lang.String)[pri:0, instance:Test.Gurukula.AccountPageTest@11c20519]" name="account_006" class="Test.Gurukula.AccountPageTest"/>
        <method signature="AccountPageTest.account_008()[pri:0, instance:Test.Gurukula.AccountPageTest@11c20519]" name="account_008" class="Test.Gurukula.AccountPageTest"/>
        <method signature="AccountPageTest.account_007(java.lang.String)[pri:0, instance:Test.Gurukula.AccountPageTest@11c20519]" name="account_007" class="Test.Gurukula.AccountPageTest"/>
        <method signature="AccountPageTest.account_005(java.lang.String, java.lang.String)[pri:0, instance:Test.Gurukula.AccountPageTest@11c20519]" name="account_005" class="Test.Gurukula.AccountPageTest"/>
      </group> <!-- Regression -->
      <group name="Smoke">
        <method signature="AccountPageTest.account_002(java.lang.String, java.lang.String, java.lang.String, java.lang.String)[pri:0, instance:Test.Gurukula.AccountPageTest@11c20519]" name="account_002" class="Test.Gurukula.AccountPageTest"/>
        <method signature="BranchPageTest.branch_002(java.lang.String, java.lang.String)[pri:0, instance:Test.Gurukula.BranchPageTest@76329302]" name="branch_002" class="Test.Gurukula.BranchPageTest"/>
        <method signature="HomePageTest.home_001(java.lang.String)[pri:0, instance:Test.Gurukula.HomePageTest@b59d31]" name="home_001" class="Test.Gurukula.HomePageTest"/>
        <method signature="HomePageTest.home_002()[pri:0, instance:Test.Gurukula.HomePageTest@b59d31]" name="home_002" class="Test.Gurukula.HomePageTest"/>
        <method signature="LoginPageTest.login_001(java.lang.String)[pri:0, instance:Test.Gurukula.LoginPageTest@4df828d7]" name="login_001" class="Test.Gurukula.LoginPageTest"/>
        <method signature="StaffPageTest.staff_002(java.lang.String, java.lang.String, java.lang.String, java.lang.String)[pri:0, instance:Test.Gurukula.StaffPageTest@5e25a92e]" name="staff_002" class="Test.Gurukula.StaffPageTest"/>
      </group> <!-- Smoke -->
      <group name="Login">
        <method signature="LoginPageTest.login_001(java.lang.String)[pri:0, instance:Test.Gurukula.LoginPageTest@4df828d7]" name="login_001" class="Test.Gurukula.LoginPageTest"/>
        <method signature="LoginPageTest.login_002(java.lang.String)[pri:0, instance:Test.Gurukula.LoginPageTest@4df828d7]" name="login_002" class="Test.Gurukula.LoginPageTest"/>
        <method signature="LoginPageTest.login_003(java.lang.String)[pri:0, instance:Test.Gurukula.LoginPageTest@4df828d7]" name="login_003" class="Test.Gurukula.LoginPageTest"/>
        <method signature="LoginPageTest.login_004(java.lang.String, java.lang.String)[pri:0, instance:Test.Gurukula.LoginPageTest@4df828d7]" name="login_004" class="Test.Gurukula.LoginPageTest"/>
        <method signature="LoginPageTest.login_005(java.lang.String, java.lang.String)[pri:0, instance:Test.Gurukula.LoginPageTest@4df828d7]" name="login_005" class="Test.Gurukula.LoginPageTest"/>
        <method signature="LoginPageTest.login_006(java.lang.String)[pri:0, instance:Test.Gurukula.LoginPageTest@4df828d7]" name="login_006" class="Test.Gurukula.LoginPageTest"/>
        <method signature="LoginPageTest.login_007()[pri:0, instance:Test.Gurukula.LoginPageTest@4df828d7]" name="login_007" class="Test.Gurukula.LoginPageTest"/>
        <method signature="LoginPageTest.login_008(java.lang.String, java.lang.String, java.lang.String)[pri:0, instance:Test.Gurukula.LoginPageTest@4df828d7]" name="login_008" class="Test.Gurukula.LoginPageTest"/>
      </group> <!-- Login -->
      <group name="Home">
        <method signature="HomePageTest.home_001(java.lang.String)[pri:0, instance:Test.Gurukula.HomePageTest@b59d31]" name="home_001" class="Test.Gurukula.HomePageTest"/>
        <method signature="HomePageTest.home_002()[pri:0, instance:Test.Gurukula.HomePageTest@b59d31]" name="home_002" class="Test.Gurukula.HomePageTest"/>
      </group> <!-- Home -->
    </groups>
    <test name="Test" duration-ms="463870" started-at="2016-05-09T18:00:22Z" finished-at="2016-05-09T18:08:06Z">
      <class name="Test.Gurukula.AccountPageTest">
        <test-method status="PASS" signature="initializeDriver(org.testng.ITestContext)[pri:0, instance:Test.Gurukula.AccountPageTest@11c20519]" name="initializeDriver" is-config="true" duration-ms="2007" started-at="2016-05-09T23:30:22Z" finished-at="2016-05-09T23:30:24Z">
          <params>
            <param index="0">
              <value>
                <![CDATA[org.testng.TestRunner@767e20cf]]>
              </value>
            </param>
          </params>
          <reporter-output>
          </reporter-output>
        </test-method> <!-- initializeDriver -->
        <test-method status="PASS" signature="account_001(java.lang.String)[pri:0, instance:Test.Gurukula.AccountPageTest@11c20519]" name="account_001" duration-ms="17771" started-at="2016-05-09T23:30:24Z" finished-at="2016-05-09T23:30:42Z">
          <params>
            <param index="0">
              <value>
                <![CDATA[User settings for]]>
              </value>
            </param>
          </params>
          <reporter-output>
          </reporter-output>
        </test-method> <!-- account_001 -->
        <test-method status="PASS" signature="afterTest(org.testng.ITestContext)[pri:0, instance:Test.Gurukula.AccountPageTest@11c20519]" name="afterTest" is-config="true" duration-ms="1136" started-at="2016-05-09T23:30:42Z" finished-at="2016-05-09T23:30:43Z">
          <params>
            <param index="0">
              <value>
                <![CDATA[org.testng.TestRunner@767e20cf]]>
              </value>
            </param>
          </params>
          <reporter-output>
          </reporter-output>
        </test-method> <!-- afterTest -->
        <test-method status="PASS" signature="initializeDriver(org.testng.ITestContext)[pri:0, instance:Test.Gurukula.AccountPageTest@11c20519]" name="initializeDriver" is-config="true" duration-ms="1256" started-at="2016-05-09T23:30:43Z" finished-at="2016-05-09T23:30:44Z">
          <params>
            <param index="0">
              <value>
                <![CDATA[org.testng.TestRunner@767e20cf]]>
              </value>
            </param>
          </params>
          <reporter-output>
          </reporter-output>
        </test-method> <!-- initializeDriver -->
        <test-method status="PASS" signature="account_003(java.lang.String)[pri:0, instance:Test.Gurukula.AccountPageTest@11c20519]" name="account_003" duration-ms="16529" started-at="2016-05-09T23:30:44Z" finished-at="2016-05-09T23:31:01Z">
          <params>
            <param index="0">
              <value>
                <![CDATA[Password for]]>
              </value>
            </param>
          </params>
          <reporter-output>
          </reporter-output>
        </test-method> <!-- account_003 -->
        <test-method status="PASS" signature="afterTest(org.testng.ITestContext)[pri:0, instance:Test.Gurukula.AccountPageTest@11c20519]" name="afterTest" is-config="true" duration-ms="884" started-at="2016-05-09T23:31:01Z" finished-at="2016-05-09T23:31:02Z">
          <params>
            <param index="0">
              <value>
                <![CDATA[org.testng.TestRunner@767e20cf]]>
              </value>
            </param>
          </params>
          <reporter-output>
          </reporter-output>
        </test-method> <!-- afterTest -->
        <test-method status="PASS" signature="initializeDriver(org.testng.ITestContext)[pri:0, instance:Test.Gurukula.AccountPageTest@11c20519]" name="initializeDriver" is-config="true" duration-ms="1267" started-at="2016-05-09T23:31:02Z" finished-at="2016-05-09T23:31:03Z">
          <params>
            <param index="0">
              <value>
                <![CDATA[org.testng.TestRunner@767e20cf]]>
              </value>
            </param>
          </params>
          <reporter-output>
          </reporter-output>
        </test-method> <!-- initializeDriver -->
        <test-method status="PASS" signature="account_004(java.lang.String, java.lang.String)[pri:0, instance:Test.Gurukula.AccountPageTest@11c20519]" name="account_004" duration-ms="16337" started-at="2016-05-09T23:31:03Z" finished-at="2016-05-09T23:31:19Z">
          <params>
            <param index="0">
              <value>
                <![CDATA[Pas]]>
              </value>
            </param>
            <param index="1">
              <value>
                <![CDATA[Your password is required to be at least 5 characters.]]>
              </value>
            </param>
          </params>
          <reporter-output>
          </reporter-output>
        </test-method> <!-- account_004 -->
        <test-method status="PASS" signature="afterTest(org.testng.ITestContext)[pri:0, instance:Test.Gurukula.AccountPageTest@11c20519]" name="afterTest" is-config="true" duration-ms="921" started-at="2016-05-09T23:31:19Z" finished-at="2016-05-09T23:31:20Z">
          <params>
            <param index="0">
              <value>
                <![CDATA[org.testng.TestRunner@767e20cf]]>
              </value>
            </param>
          </params>
          <reporter-output>
          </reporter-output>
        </test-method> <!-- afterTest -->
        <test-method status="PASS" signature="initializeDriver(org.testng.ITestContext)[pri:0, instance:Test.Gurukula.AccountPageTest@11c20519]" name="initializeDriver" is-config="true" duration-ms="1272" started-at="2016-05-09T23:31:20Z" finished-at="2016-05-09T23:31:22Z">
          <params>
            <param index="0">
              <value>
                <![CDATA[org.testng.TestRunner@767e20cf]]>
              </value>
            </param>
          </params>
          <reporter-output>
          </reporter-output>
        </test-method> <!-- initializeDriver -->
        <test-method status="PASS" signature="account_006(java.lang.String)[pri:0, instance:Test.Gurukula.AccountPageTest@11c20519]" name="account_006" duration-ms="16097" started-at="2016-05-09T23:31:22Z" finished-at="2016-05-09T23:31:38Z">
          <params>
            <param index="0">
              <value>
                <![CDATA[Active sessions for]]>
              </value>
            </param>
          </params>
          <reporter-output>
          </reporter-output>
        </test-method> <!-- account_006 -->
        <test-method status="PASS" signature="afterTest(org.testng.ITestContext)[pri:0, instance:Test.Gurukula.AccountPageTest@11c20519]" name="afterTest" is-config="true" duration-ms="884" started-at="2016-05-09T23:31:38Z" finished-at="2016-05-09T23:31:39Z">
          <params>
            <param index="0">
              <value>
                <![CDATA[org.testng.TestRunner@767e20cf]]>
              </value>
            </param>
          </params>
          <reporter-output>
          </reporter-output>
        </test-method> <!-- afterTest -->
        <test-method status="PASS" signature="initializeDriver(org.testng.ITestContext)[pri:0, instance:Test.Gurukula.AccountPageTest@11c20519]" name="initializeDriver" is-config="true" duration-ms="1258" started-at="2016-05-09T23:31:39Z" finished-at="2016-05-09T23:31:40Z">
          <params>
            <param index="0">
              <value>
                <![CDATA[org.testng.TestRunner@767e20cf]]>
              </value>
            </param>
          </params>
          <reporter-output>
          </reporter-output>
        </test-method> <!-- initializeDriver -->
        <test-method status="PASS" signature="account_008()[pri:0, instance:Test.Gurukula.AccountPageTest@11c20519]" name="account_008" duration-ms="16211" started-at="2016-05-09T23:31:40Z" finished-at="2016-05-09T23:31:56Z">
          <reporter-output>
          </reporter-output>
        </test-method> <!-- account_008 -->
        <test-method status="PASS" signature="afterTest(org.testng.ITestContext)[pri:0, instance:Test.Gurukula.AccountPageTest@11c20519]" name="afterTest" is-config="true" duration-ms="879" started-at="2016-05-09T23:31:56Z" finished-at="2016-05-09T23:31:57Z">
          <params>
            <param index="0">
              <value>
                <![CDATA[org.testng.TestRunner@767e20cf]]>
              </value>
            </param>
          </params>
          <reporter-output>
          </reporter-output>
        </test-method> <!-- afterTest -->
        <test-method status="PASS" signature="initializeDriver(org.testng.ITestContext)[pri:0, instance:Test.Gurukula.AccountPageTest@11c20519]" name="initializeDriver" is-config="true" duration-ms="1275" started-at="2016-05-09T23:31:57Z" finished-at="2016-05-09T23:31:58Z">
          <params>
            <param index="0">
              <value>
                <![CDATA[org.testng.TestRunner@767e20cf]]>
              </value>
            </param>
          </params>
          <reporter-output>
          </reporter-output>
        </test-method> <!-- initializeDriver -->
        <test-method status="FAIL" signature="account_007(java.lang.String)[pri:0, instance:Test.Gurukula.AccountPageTest@11c20519]" name="account_007" duration-ms="16167" started-at="2016-05-09T23:31:58Z" finished-at="2016-05-09T23:32:14Z">
          <params>
            <param index="0">
              <value>
                <![CDATA[Session invalidated!]]>
              </value>
            </param>
          </params>
          <exception class="java.lang.AssertionError">
            <message>
              <![CDATA[expected [true] but found [false]]]>
            </message>
            <full-stacktrace>
              <![CDATA[java.lang.AssertionError: expected [true] but found [false]
	at org.testng.Assert.fail(Assert.java:94)
	at org.testng.Assert.failNotEquals(Assert.java:494)
	at org.testng.Assert.assertTrue(Assert.java:42)
	at org.testng.Assert.assertTrue(Assert.java:52)
	at Test.Gurukula.AccountPageTest.account_007(AccountPageTest.java:185)
	at sun.reflect.NativeMethodAccessorImpl.invoke0(Native Method)
	at sun.reflect.NativeMethodAccessorImpl.invoke(NativeMethodAccessorImpl.java:62)
	at sun.reflect.DelegatingMethodAccessorImpl.invoke(DelegatingMethodAccessorImpl.java:43)
	at java.lang.reflect.Method.invoke(Method.java:497)
	at org.testng.internal.MethodInvocationHelper.invokeMethod(MethodInvocationHelper.java:80)
	at org.testng.internal.Invoker.invokeMethod(Invoker.java:714)
	at org.testng.internal.Invoker.invokeTestMethod(Invoker.java:901)
	at org.testng.internal.Invoker.invokeTestMethods(Invoker.java:1231)
	at org.testng.internal.TestMethodWorker.invokeTestMethods(TestMethodWorker.java:127)
	at org.testng.internal.TestMethodWorker.run(TestMethodWorker.java:111)
	at org.testng.TestRunner.privateRun(TestRunner.java:767)
	at org.testng.TestRunner.run(TestRunner.java:617)
	at org.testng.SuiteRunner.runTest(SuiteRunner.java:334)
	at org.testng.SuiteRunner.runSequentially(SuiteRunner.java:329)
	at org.testng.SuiteRunner.privateRun(SuiteRunner.java:291)
	at org.testng.SuiteRunner.run(SuiteRunner.java:240)
	at org.testng.SuiteRunnerWorker.runSuite(SuiteRunnerWorker.java:52)
	at org.testng.SuiteRunnerWorker.run(SuiteRunnerWorker.java:86)
	at org.testng.TestNG.runSuitesSequentially(TestNG.java:1198)
	at org.testng.TestNG.runSuitesLocally(TestNG.java:1123)
	at org.testng.TestNG.run(TestNG.java:1031)
	at org.apache.maven.surefire.testng.TestNGExecutor.run(TestNGExecutor.java:178)
	at org.apache.maven.surefire.testng.TestNGXmlTestSuite.execute(TestNGXmlTestSuite.java:92)
	at org.apache.maven.surefire.testng.TestNGProvider.invoke(TestNGProvider.java:96)
	at sun.reflect.NativeMethodAccessorImpl.invoke0(Native Method)
	at sun.reflect.NativeMethodAccessorImpl.invoke(NativeMethodAccessorImpl.java:62)
	at sun.reflect.DelegatingMethodAccessorImpl.invoke(DelegatingMethodAccessorImpl.java:43)
	at java.lang.reflect.Method.invoke(Method.java:497)
	at org.apache.maven.surefire.util.ReflectionUtils.invokeMethodWithArray2(ReflectionUtils.java:208)
	at org.apache.maven.surefire.booter.ProviderFactory$ProviderProxy.invoke(ProviderFactory.java:159)
	at org.apache.maven.surefire.booter.ProviderFactory.invokeProvider(ProviderFactory.java:87)
	at org.apache.maven.surefire.booter.ForkedBooter.runSuitesInProcess(ForkedBooter.java:153)
	at org.apache.maven.surefire.booter.ForkedBooter.main(ForkedBooter.java:95)
]]>
            </full-stacktrace>
          </exception> <!-- java.lang.AssertionError -->
          <reporter-output>
          </reporter-output>
        </test-method> <!-- account_007 -->
        <test-method status="PASS" signature="afterTest(org.testng.ITestContext)[pri:0, instance:Test.Gurukula.AccountPageTest@11c20519]" name="afterTest" is-config="true" duration-ms="884" started-at="2016-05-09T23:32:14Z" finished-at="2016-05-09T23:32:15Z">
          <params>
            <param index="0">
              <value>
                <![CDATA[org.testng.TestRunner@767e20cf]]>
              </value>
            </param>
          </params>
          <reporter-output>
          </reporter-output>
        </test-method> <!-- afterTest -->
        <test-method status="PASS" signature="initializeDriver(org.testng.ITestContext)[pri:0, instance:Test.Gurukula.AccountPageTest@11c20519]" name="initializeDriver" is-config="true" duration-ms="1284" started-at="2016-05-09T23:32:15Z" finished-at="2016-05-09T23:32:17Z">
          <params>
            <param index="0">
              <value>
                <![CDATA[org.testng.TestRunner@767e20cf]]>
              </value>
            </param>
          </params>
          <reporter-output>
          </reporter-output>
        </test-method> <!-- initializeDriver -->
        <test-method status="PASS" signature="account_005(java.lang.String, java.lang.String)[pri:0, instance:Test.Gurukula.AccountPageTest@11c20519]" name="account_005" duration-ms="16212" started-at="2016-05-09T23:32:17Z" finished-at="2016-05-09T23:32:33Z">
          <params>
            <param index="0">
              <value>
                <![CDATA[Vikky123]]>
              </value>
            </param>
            <param index="1">
              <value>
                <![CDATA[(153, 255, 0)]]>
              </value>
            </param>
          </params>
          <reporter-output>
          </reporter-output>
        </test-method> <!-- account_005 -->
        <test-method status="PASS" signature="afterTest(org.testng.ITestContext)[pri:0, instance:Test.Gurukula.AccountPageTest@11c20519]" name="afterTest" is-config="true" duration-ms="906" started-at="2016-05-09T23:32:33Z" finished-at="2016-05-09T23:32:34Z">
          <params>
            <param index="0">
              <value>
                <![CDATA[org.testng.TestRunner@767e20cf]]>
              </value>
            </param>
          </params>
          <reporter-output>
          </reporter-output>
        </test-method> <!-- afterTest -->
        <test-method status="PASS" signature="initializeDriver(org.testng.ITestContext)[pri:0, instance:Test.Gurukula.AccountPageTest@11c20519]" name="initializeDriver" is-config="true" duration-ms="1330" started-at="2016-05-09T23:32:34Z" finished-at="2016-05-09T23:32:35Z">
          <params>
            <param index="0">
              <value>
                <![CDATA[org.testng.TestRunner@767e20cf]]>
              </value>
            </param>
          </params>
          <reporter-output>
          </reporter-output>
        </test-method> <!-- initializeDriver -->
        <test-method status="FAIL" signature="account_002(java.lang.String, java.lang.String, java.lang.String, java.lang.String)[pri:0, instance:Test.Gurukula.AccountPageTest@11c20519]" name="account_002" duration-ms="16821" started-at="2016-05-09T23:32:35Z" depends-on-methods="Test.Gurukula.AccountPageTest.account_001" finished-at="2016-05-09T23:32:52Z">
          <params>
            <param index="0">
              <value>
                <![CDATA[vikram]]>
              </value>
            </param>
            <param index="1">
              <value>
                <![CDATA[gudidevuni]]>
              </value>
            </param>
            <param index="2">
              <value>
                <![CDATA[Vikram.Gudidevuni@gmail.com]]>
              </value>
            </param>
            <param index="3">
              <value>
                <![CDATA[ Settings saved.]]>
              </value>
            </param>
          </params>
          <exception class="java.lang.AssertionError">
            <message>
              <![CDATA[expected [true] but found [false]]]>
            </message>
            <full-stacktrace>
              <![CDATA[java.lang.AssertionError: expected [true] but found [false]
	at org.testng.Assert.fail(Assert.java:94)
	at org.testng.Assert.failNotEquals(Assert.java:494)
	at org.testng.Assert.assertTrue(Assert.java:42)
	at org.testng.Assert.assertTrue(Assert.java:52)
	at Test.Gurukula.AccountPageTest.account_002(AccountPageTest.java:66)
	at sun.reflect.NativeMethodAccessorImpl.invoke0(Native Method)
	at sun.reflect.NativeMethodAccessorImpl.invoke(NativeMethodAccessorImpl.java:62)
	at sun.reflect.DelegatingMethodAccessorImpl.invoke(DelegatingMethodAccessorImpl.java:43)
	at java.lang.reflect.Method.invoke(Method.java:497)
	at org.testng.internal.MethodInvocationHelper.invokeMethod(MethodInvocationHelper.java:80)
	at org.testng.internal.Invoker.invokeMethod(Invoker.java:714)
	at org.testng.internal.Invoker.invokeTestMethod(Invoker.java:901)
	at org.testng.internal.Invoker.invokeTestMethods(Invoker.java:1231)
	at org.testng.internal.TestMethodWorker.invokeTestMethods(TestMethodWorker.java:127)
	at org.testng.internal.TestMethodWorker.run(TestMethodWorker.java:111)
	at org.testng.TestRunner.privateRun(TestRunner.java:767)
	at org.testng.TestRunner.run(TestRunner.java:617)
	at org.testng.SuiteRunner.runTest(SuiteRunner.java:334)
	at org.testng.SuiteRunner.runSequentially(SuiteRunner.java:329)
	at org.testng.SuiteRunner.privateRun(SuiteRunner.java:291)
	at org.testng.SuiteRunner.run(SuiteRunner.java:240)
	at org.testng.SuiteRunnerWorker.runSuite(SuiteRunnerWorker.java:52)
	at org.testng.SuiteRunnerWorker.run(SuiteRunnerWorker.java:86)
	at org.testng.TestNG.runSuitesSequentially(TestNG.java:1198)
	at org.testng.TestNG.runSuitesLocally(TestNG.java:1123)
	at org.testng.TestNG.run(TestNG.java:1031)
	at org.apache.maven.surefire.testng.TestNGExecutor.run(TestNGExecutor.java:178)
	at org.apache.maven.surefire.testng.TestNGXmlTestSuite.execute(TestNGXmlTestSuite.java:92)
	at org.apache.maven.surefire.testng.TestNGProvider.invoke(TestNGProvider.java:96)
	at sun.reflect.NativeMethodAccessorImpl.invoke0(Native Method)
	at sun.reflect.NativeMethodAccessorImpl.invoke(NativeMethodAccessorImpl.java:62)
	at sun.reflect.DelegatingMethodAccessorImpl.invoke(DelegatingMethodAccessorImpl.java:43)
	at java.lang.reflect.Method.invoke(Method.java:497)
	at org.apache.maven.surefire.util.ReflectionUtils.invokeMethodWithArray2(ReflectionUtils.java:208)
	at org.apache.maven.surefire.booter.ProviderFactory$ProviderProxy.invoke(ProviderFactory.java:159)
	at org.apache.maven.surefire.booter.ProviderFactory.invokeProvider(ProviderFactory.java:87)
	at org.apache.maven.surefire.booter.ForkedBooter.runSuitesInProcess(ForkedBooter.java:153)
	at org.apache.maven.surefire.booter.ForkedBooter.main(ForkedBooter.java:95)
]]>
            </full-stacktrace>
          </exception> <!-- java.lang.AssertionError -->
          <reporter-output>
          </reporter-output>
        </test-method> <!-- account_002 -->
        <test-method status="PASS" signature="afterTest(org.testng.ITestContext)[pri:0, instance:Test.Gurukula.AccountPageTest@11c20519]" name="afterTest" is-config="true" duration-ms="1065" started-at="2016-05-09T23:32:52Z" finished-at="2016-05-09T23:32:53Z">
          <params>
            <param index="0">
              <value>
                <![CDATA[org.testng.TestRunner@767e20cf]]>
              </value>
            </param>
          </params>
          <reporter-output>
          </reporter-output>
        </test-method> <!-- afterTest -->
      </class> <!-- Test.Gurukula.AccountPageTest -->
      <class name="Test.Gurukula.BranchPageTest">
        <test-method status="PASS" signature="initializeDriver(org.testng.ITestContext)[pri:0, instance:Test.Gurukula.BranchPageTest@76329302]" name="initializeDriver" is-config="true" duration-ms="1323" started-at="2016-05-09T23:37:08Z" finished-at="2016-05-09T23:37:09Z">
          <params>
            <param index="0">
              <value>
                <![CDATA[org.testng.TestRunner@767e20cf]]>
              </value>
            </param>
          </params>
          <reporter-output>
          </reporter-output>
        </test-method> <!-- initializeDriver -->
        <test-method status="PASS" signature="branch_001(java.lang.String)[pri:0, instance:Test.Gurukula.BranchPageTest@76329302]" name="branch_001" duration-ms="16058" started-at="2016-05-09T23:37:09Z" finished-at="2016-05-09T23:37:26Z">
          <params>
            <param index="0">
              <value>
                <![CDATA[Branches]]>
              </value>
            </param>
          </params>
          <reporter-output>
          </reporter-output>
        </test-method> <!-- branch_001 -->
        <test-method status="PASS" signature="afterTest(org.testng.ITestContext)[pri:0, instance:Test.Gurukula.BranchPageTest@76329302]" name="afterTest" is-config="true" duration-ms="983" started-at="2016-05-09T23:37:26Z" finished-at="2016-05-09T23:37:27Z">
          <params>
            <param index="0">
              <value>
                <![CDATA[org.testng.TestRunner@767e20cf]]>
              </value>
            </param>
          </params>
          <reporter-output>
          </reporter-output>
        </test-method> <!-- afterTest -->
        <test-method status="PASS" signature="initializeDriver(org.testng.ITestContext)[pri:0, instance:Test.Gurukula.BranchPageTest@76329302]" name="initializeDriver" is-config="true" duration-ms="1271" started-at="2016-05-09T23:37:27Z" finished-at="2016-05-09T23:37:28Z">
          <params>
            <param index="0">
              <value>
                <![CDATA[org.testng.TestRunner@767e20cf]]>
              </value>
            </param>
          </params>
          <reporter-output>
          </reporter-output>
        </test-method> <!-- initializeDriver -->
        <test-method status="PASS" signature="branch_002(java.lang.String, java.lang.String)[pri:0, instance:Test.Gurukula.BranchPageTest@76329302]" name="branch_002" duration-ms="17616" started-at="2016-05-09T23:37:28Z" finished-at="2016-05-09T23:37:45Z">
          <params>
            <param index="0">
              <value>
                <![CDATA[BranchOne]]>
              </value>
            </param>
            <param index="1">
              <value>
                <![CDATA[12]]>
              </value>
            </param>
          </params>
          <reporter-output>
          </reporter-output>
        </test-method> <!-- branch_002 -->
        <test-method status="PASS" signature="afterTest(org.testng.ITestContext)[pri:0, instance:Test.Gurukula.BranchPageTest@76329302]" name="afterTest" is-config="true" duration-ms="891" started-at="2016-05-09T23:37:45Z" finished-at="2016-05-09T23:37:46Z">
          <params>
            <param index="0">
              <value>
                <![CDATA[org.testng.TestRunner@767e20cf]]>
              </value>
            </param>
          </params>
          <reporter-output>
          </reporter-output>
        </test-method> <!-- afterTest -->
        <test-method status="PASS" signature="initializeDriver(org.testng.ITestContext)[pri:0, instance:Test.Gurukula.BranchPageTest@76329302]" name="initializeDriver" is-config="true" duration-ms="1264" started-at="2016-05-09T23:37:46Z" finished-at="2016-05-09T23:37:48Z">
          <params>
            <param index="0">
              <value>
                <![CDATA[org.testng.TestRunner@767e20cf]]>
              </value>
            </param>
          </params>
          <reporter-output>
          </reporter-output>
        </test-method> <!-- initializeDriver -->
        <test-method status="PASS" signature="branch_003(java.lang.String, java.lang.String)[pri:0, instance:Test.Gurukula.BranchPageTest@76329302]" name="branch_003" duration-ms="17564" started-at="2016-05-09T23:37:48Z" finished-at="2016-05-09T23:38:05Z">
          <params>
            <param index="0">
              <value>
                <![CDATA[BranchOne]]>
              </value>
            </param>
            <param index="1">
              <value>
                <![CDATA[12]]>
              </value>
            </param>
          </params>
          <reporter-output>
          </reporter-output>
        </test-method> <!-- branch_003 -->
        <test-method status="PASS" signature="afterTest(org.testng.ITestContext)[pri:0, instance:Test.Gurukula.BranchPageTest@76329302]" name="afterTest" is-config="true" duration-ms="940" started-at="2016-05-09T23:38:05Z" finished-at="2016-05-09T23:38:06Z">
          <params>
            <param index="0">
              <value>
                <![CDATA[org.testng.TestRunner@767e20cf]]>
              </value>
            </param>
          </params>
          <reporter-output>
          </reporter-output>
        </test-method> <!-- afterTest -->
      </class> <!-- Test.Gurukula.BranchPageTest -->
      <class name="Test.Gurukula.StaffPageTest">
        <test-method status="PASS" signature="initializeDriver(org.testng.ITestContext)[pri:0, instance:Test.Gurukula.StaffPageTest@5e25a92e]" name="initializeDriver" is-config="true" duration-ms="1270" started-at="2016-05-09T23:35:52Z" finished-at="2016-05-09T23:35:53Z">
          <params>
            <param index="0">
              <value>
                <![CDATA[org.testng.TestRunner@767e20cf]]>
              </value>
            </param>
          </params>
          <reporter-output>
          </reporter-output>
        </test-method> <!-- initializeDriver -->
        <test-method status="PASS" signature="staff_001(java.lang.String)[pri:0, instance:Test.Gurukula.StaffPageTest@5e25a92e]" name="staff_001" duration-ms="15535" started-at="2016-05-09T23:35:53Z" finished-at="2016-05-09T23:36:08Z">
          <params>
            <param index="0">
              <value>
                <![CDATA[Staffs]]>
              </value>
            </param>
          </params>
          <reporter-output>
          </reporter-output>
        </test-method> <!-- staff_001 -->
        <test-method status="PASS" signature="afterTest(org.testng.ITestContext)[pri:0, instance:Test.Gurukula.StaffPageTest@5e25a92e]" name="afterTest" is-config="true" duration-ms="960" started-at="2016-05-09T23:36:08Z" finished-at="2016-05-09T23:36:09Z">
          <params>
            <param index="0">
              <value>
                <![CDATA[org.testng.TestRunner@767e20cf]]>
              </value>
            </param>
          </params>
          <reporter-output>
          </reporter-output>
        </test-method> <!-- afterTest -->
        <test-method status="PASS" signature="initializeDriver(org.testng.ITestContext)[pri:0, instance:Test.Gurukula.StaffPageTest@5e25a92e]" name="initializeDriver" is-config="true" duration-ms="1331" started-at="2016-05-09T23:36:09Z" finished-at="2016-05-09T23:36:11Z">
          <params>
            <param index="0">
              <value>
                <![CDATA[org.testng.TestRunner@767e20cf]]>
              </value>
            </param>
          </params>
          <reporter-output>
          </reporter-output>
        </test-method> <!-- initializeDriver -->
        <test-method status="PASS" signature="staff_002(java.lang.String, java.lang.String, java.lang.String, java.lang.String)[pri:0, instance:Test.Gurukula.StaffPageTest@5e25a92e]" name="staff_002" duration-ms="26959" started-at="2016-05-09T23:36:11Z" finished-at="2016-05-09T23:36:38Z">
          <params>
            <param index="0">
              <value>
                <![CDATA[StaffOne]]>
              </value>
            </param>
            <param index="1">
              <value>
                <![CDATA[BranchOne]]>
              </value>
            </param>
            <param index="2">
              <value>
                <![CDATA[BranchOne]]>
              </value>
            </param>
            <param index="3">
              <value>
                <![CDATA[12]]>
              </value>
            </param>
          </params>
          <reporter-output>
          </reporter-output>
        </test-method> <!-- staff_002 -->
        <test-method status="PASS" signature="afterTest(org.testng.ITestContext)[pri:0, instance:Test.Gurukula.StaffPageTest@5e25a92e]" name="afterTest" is-config="true" duration-ms="968" started-at="2016-05-09T23:36:38Z" finished-at="2016-05-09T23:36:39Z">
          <params>
            <param index="0">
              <value>
                <![CDATA[org.testng.TestRunner@767e20cf]]>
              </value>
            </param>
          </params>
          <reporter-output>
          </reporter-output>
        </test-method> <!-- afterTest -->
        <test-method status="PASS" signature="initializeDriver(org.testng.ITestContext)[pri:0, instance:Test.Gurukula.StaffPageTest@5e25a92e]" name="initializeDriver" is-config="true" duration-ms="1250" started-at="2016-05-09T23:36:39Z" finished-at="2016-05-09T23:36:40Z">
          <params>
            <param index="0">
              <value>
                <![CDATA[org.testng.TestRunner@767e20cf]]>
              </value>
            </param>
          </params>
          <reporter-output>
          </reporter-output>
        </test-method> <!-- initializeDriver -->
        <test-method status="PASS" signature="staff_003(java.lang.String, java.lang.String, java.lang.String, java.lang.String)[pri:0, instance:Test.Gurukula.StaffPageTest@5e25a92e]" name="staff_003" duration-ms="27247" started-at="2016-05-09T23:36:40Z" finished-at="2016-05-09T23:37:07Z">
          <params>
            <param index="0">
              <value>
                <![CDATA[StaffOne]]>
              </value>
            </param>
            <param index="1">
              <value>
                <![CDATA[BranchOne]]>
              </value>
            </param>
            <param index="2">
              <value>
                <![CDATA[BranchOne]]>
              </value>
            </param>
            <param index="3">
              <value>
                <![CDATA[12]]>
              </value>
            </param>
          </params>
          <reporter-output>
          </reporter-output>
        </test-method> <!-- staff_003 -->
        <test-method status="PASS" signature="afterTest(org.testng.ITestContext)[pri:0, instance:Test.Gurukula.StaffPageTest@5e25a92e]" name="afterTest" is-config="true" duration-ms="960" started-at="2016-05-09T23:37:07Z" finished-at="2016-05-09T23:37:08Z">
          <params>
            <param index="0">
              <value>
                <![CDATA[org.testng.TestRunner@767e20cf]]>
              </value>
            </param>
          </params>
          <reporter-output>
          </reporter-output>
        </test-method> <!-- afterTest -->
      </class> <!-- Test.Gurukula.StaffPageTest -->
      <class name="Test.Gurukula.HomePageTest">
        <test-method status="PASS" signature="initializeDriver(org.testng.ITestContext)[pri:0, instance:Test.Gurukula.HomePageTest@b59d31]" name="initializeDriver" is-config="true" duration-ms="1291" started-at="2016-05-09T23:35:17Z" finished-at="2016-05-09T23:35:18Z">
          <params>
            <param index="0">
              <value>
                <![CDATA[org.testng.TestRunner@767e20cf]]>
              </value>
            </param>
          </params>
          <reporter-output>
          </reporter-output>
        </test-method> <!-- initializeDriver -->
        <test-method status="PASS" signature="home_001(java.lang.String)[pri:0, instance:Test.Gurukula.HomePageTest@b59d31]" name="home_001" duration-ms="15211" started-at="2016-05-09T23:35:18Z" finished-at="2016-05-09T23:35:33Z">
          <params>
            <param index="0">
              <value>
                <![CDATA[Welcome to Gurukula!]]>
              </value>
            </param>
          </params>
          <reporter-output>
          </reporter-output>
        </test-method> <!-- home_001 -->
        <test-method status="PASS" signature="afterTest(org.testng.ITestContext)[pri:0, instance:Test.Gurukula.HomePageTest@b59d31]" name="afterTest" is-config="true" duration-ms="882" started-at="2016-05-09T23:35:33Z" finished-at="2016-05-09T23:35:34Z">
          <params>
            <param index="0">
              <value>
                <![CDATA[org.testng.TestRunner@767e20cf]]>
              </value>
            </param>
          </params>
          <reporter-output>
          </reporter-output>
        </test-method> <!-- afterTest -->
        <test-method status="PASS" signature="initializeDriver(org.testng.ITestContext)[pri:0, instance:Test.Gurukula.HomePageTest@b59d31]" name="initializeDriver" is-config="true" duration-ms="1324" started-at="2016-05-09T23:35:34Z" finished-at="2016-05-09T23:35:36Z">
          <params>
            <param index="0">
              <value>
                <![CDATA[org.testng.TestRunner@767e20cf]]>
              </value>
            </param>
          </params>
          <reporter-output>
          </reporter-output>
        </test-method> <!-- initializeDriver -->
        <test-method status="PASS" signature="home_002()[pri:0, instance:Test.Gurukula.HomePageTest@b59d31]" name="home_002" duration-ms="15101" started-at="2016-05-09T23:35:36Z" finished-at="2016-05-09T23:35:51Z">
          <reporter-output>
          </reporter-output>
        </test-method> <!-- home_002 -->
        <test-method status="PASS" signature="afterTest(org.testng.ITestContext)[pri:0, instance:Test.Gurukula.HomePageTest@b59d31]" name="afterTest" is-config="true" duration-ms="890" started-at="2016-05-09T23:35:51Z" finished-at="2016-05-09T23:35:52Z">
          <params>
            <param index="0">
              <value>
                <![CDATA[org.testng.TestRunner@767e20cf]]>
              </value>
            </param>
          </params>
          <reporter-output>
          </reporter-output>
        </test-method> <!-- afterTest -->
      </class> <!-- Test.Gurukula.HomePageTest -->
      <class name="Test.Gurukula.LoginPageTest">
        <test-method status="PASS" signature="initializeDriver(org.testng.ITestContext)[pri:0, instance:Test.Gurukula.LoginPageTest@4df828d7]" name="initializeDriver" is-config="true" duration-ms="1297" started-at="2016-05-09T23:32:53Z" finished-at="2016-05-09T23:32:54Z">
          <params>
            <param index="0">
              <value>
                <![CDATA[org.testng.TestRunner@767e20cf]]>
              </value>
            </param>
          </params>
          <reporter-output>
          </reporter-output>
        </test-method> <!-- initializeDriver -->
        <test-method status="PASS" signature="login_001(java.lang.String)[pri:0, instance:Test.Gurukula.LoginPageTest@4df828d7]" name="login_001" duration-ms="15839" started-at="2016-05-09T23:32:54Z" finished-at="2016-05-09T23:33:10Z">
          <params>
            <param index="0">
              <value>
                <![CDATA[Welcome to Gurukula!]]>
              </value>
            </param>
          </params>
          <reporter-output>
          </reporter-output>
        </test-method> <!-- login_001 -->
        <test-method status="PASS" signature="afterTest(org.testng.ITestContext)[pri:0, instance:Test.Gurukula.LoginPageTest@4df828d7]" name="afterTest" is-config="true" duration-ms="891" started-at="2016-05-09T23:33:10Z" finished-at="2016-05-09T23:33:11Z">
          <params>
            <param index="0">
              <value>
                <![CDATA[org.testng.TestRunner@767e20cf]]>
              </value>
            </param>
          </params>
          <reporter-output>
          </reporter-output>
        </test-method> <!-- afterTest -->
        <test-method status="PASS" signature="initializeDriver(org.testng.ITestContext)[pri:0, instance:Test.Gurukula.LoginPageTest@4df828d7]" name="initializeDriver" is-config="true" duration-ms="1259" started-at="2016-05-09T23:33:11Z" finished-at="2016-05-09T23:33:12Z">
          <params>
            <param index="0">
              <value>
                <![CDATA[org.testng.TestRunner@767e20cf]]>
              </value>
            </param>
          </params>
          <reporter-output>
          </reporter-output>
        </test-method> <!-- initializeDriver -->
        <test-method status="FAIL" signature="login_002(java.lang.String)[pri:0, instance:Test.Gurukula.LoginPageTest@4df828d7]" name="login_002" duration-ms="15789" started-at="2016-05-09T23:33:12Z" finished-at="2016-05-09T23:33:28Z">
          <params>
            <param index="0">
              <value>
                <![CDATA[Please check your credentials and try again.]]>
              </value>
            </param>
          </params>
          <exception class="java.lang.AssertionError">
            <full-stacktrace>
              <![CDATA[java.lang.AssertionError
	at org.junit.Assert.fail(Assert.java:92)
	at org.junit.Assert.assertTrue(Assert.java:43)
	at org.junit.Assert.assertTrue(Assert.java:54)
	at Test.Gurukula.LoginPageTest.login_002(LoginPageTest.java:62)
	at sun.reflect.NativeMethodAccessorImpl.invoke0(Native Method)
	at sun.reflect.NativeMethodAccessorImpl.invoke(NativeMethodAccessorImpl.java:62)
	at sun.reflect.DelegatingMethodAccessorImpl.invoke(DelegatingMethodAccessorImpl.java:43)
	at java.lang.reflect.Method.invoke(Method.java:497)
	at org.testng.internal.MethodInvocationHelper.invokeMethod(MethodInvocationHelper.java:80)
	at org.testng.internal.Invoker.invokeMethod(Invoker.java:714)
	at org.testng.internal.Invoker.invokeTestMethod(Invoker.java:901)
	at org.testng.internal.Invoker.invokeTestMethods(Invoker.java:1231)
	at org.testng.internal.TestMethodWorker.invokeTestMethods(TestMethodWorker.java:127)
	at org.testng.internal.TestMethodWorker.run(TestMethodWorker.java:111)
	at org.testng.TestRunner.privateRun(TestRunner.java:767)
	at org.testng.TestRunner.run(TestRunner.java:617)
	at org.testng.SuiteRunner.runTest(SuiteRunner.java:334)
	at org.testng.SuiteRunner.runSequentially(SuiteRunner.java:329)
	at org.testng.SuiteRunner.privateRun(SuiteRunner.java:291)
	at org.testng.SuiteRunner.run(SuiteRunner.java:240)
	at org.testng.SuiteRunnerWorker.runSuite(SuiteRunnerWorker.java:52)
	at org.testng.SuiteRunnerWorker.run(SuiteRunnerWorker.java:86)
	at org.testng.TestNG.runSuitesSequentially(TestNG.java:1198)
	at org.testng.TestNG.runSuitesLocally(TestNG.java:1123)
	at org.testng.TestNG.run(TestNG.java:1031)
	at org.apache.maven.surefire.testng.TestNGExecutor.run(TestNGExecutor.java:178)
	at org.apache.maven.surefire.testng.TestNGXmlTestSuite.execute(TestNGXmlTestSuite.java:92)
	at org.apache.maven.surefire.testng.TestNGProvider.invoke(TestNGProvider.java:96)
	at sun.reflect.NativeMethodAccessorImpl.invoke0(Native Method)
	at sun.reflect.NativeMethodAccessorImpl.invoke(NativeMethodAccessorImpl.java:62)
	at sun.reflect.DelegatingMethodAccessorImpl.invoke(DelegatingMethodAccessorImpl.java:43)
	at java.lang.reflect.Method.invoke(Method.java:497)
	at org.apache.maven.surefire.util.ReflectionUtils.invokeMethodWithArray2(ReflectionUtils.java:208)
	at org.apache.maven.surefire.booter.ProviderFactory$ProviderProxy.invoke(ProviderFactory.java:159)
	at org.apache.maven.surefire.booter.ProviderFactory.invokeProvider(ProviderFactory.java:87)
	at org.apache.maven.surefire.booter.ForkedBooter.runSuitesInProcess(ForkedBooter.java:153)
	at org.apache.maven.surefire.booter.ForkedBooter.main(ForkedBooter.java:95)
]]>
            </full-stacktrace>
          </exception> <!-- java.lang.AssertionError -->
          <reporter-output>
          </reporter-output>
        </test-method> <!-- login_002 -->
        <test-method status="PASS" signature="afterTest(org.testng.ITestContext)[pri:0, instance:Test.Gurukula.LoginPageTest@4df828d7]" name="afterTest" is-config="true" duration-ms="942" started-at="2016-05-09T23:33:28Z" finished-at="2016-05-09T23:33:29Z">
          <params>
            <param index="0">
              <value>
                <![CDATA[org.testng.TestRunner@767e20cf]]>
              </value>
            </param>
          </params>
          <reporter-output>
          </reporter-output>
        </test-method> <!-- afterTest -->
        <test-method status="PASS" signature="initializeDriver(org.testng.ITestContext)[pri:0, instance:Test.Gurukula.LoginPageTest@4df828d7]" name="initializeDriver" is-config="true" duration-ms="1279" started-at="2016-05-09T23:33:29Z" finished-at="2016-05-09T23:33:30Z">
          <params>
            <param index="0">
              <value>
                <![CDATA[org.testng.TestRunner@767e20cf]]>
              </value>
            </param>
          </params>
          <reporter-output>
          </reporter-output>
        </test-method> <!-- initializeDriver -->
        <test-method status="PASS" signature="login_003(java.lang.String)[pri:0, instance:Test.Gurukula.LoginPageTest@4df828d7]" name="login_003" duration-ms="15395" started-at="2016-05-09T23:33:30Z" finished-at="2016-05-09T23:33:46Z">
          <params>
            <param index="0">
              <value>
                <![CDATA[Reset your password]]>
              </value>
            </param>
          </params>
          <reporter-output>
          </reporter-output>
        </test-method> <!-- login_003 -->
        <test-method status="PASS" signature="afterTest(org.testng.ITestContext)[pri:0, instance:Test.Gurukula.LoginPageTest@4df828d7]" name="afterTest" is-config="true" duration-ms="890" started-at="2016-05-09T23:33:46Z" finished-at="2016-05-09T23:33:47Z">
          <params>
            <param index="0">
              <value>
                <![CDATA[org.testng.TestRunner@767e20cf]]>
              </value>
            </param>
          </params>
          <reporter-output>
          </reporter-output>
        </test-method> <!-- afterTest -->
        <test-method status="PASS" signature="initializeDriver(org.testng.ITestContext)[pri:0, instance:Test.Gurukula.LoginPageTest@4df828d7]" name="initializeDriver" is-config="true" duration-ms="1267" started-at="2016-05-09T23:33:47Z" finished-at="2016-05-09T23:33:48Z">
          <params>
            <param index="0">
              <value>
                <![CDATA[org.testng.TestRunner@767e20cf]]>
              </value>
            </param>
          </params>
          <reporter-output>
          </reporter-output>
        </test-method> <!-- initializeDriver -->
        <test-method status="PASS" signature="login_004(java.lang.String, java.lang.String)[pri:0, instance:Test.Gurukula.LoginPageTest@4df828d7]" name="login_004" duration-ms="15752" started-at="2016-05-09T23:33:48Z" finished-at="2016-05-09T23:34:04Z">
          <params>
            <param index="0">
              <value>
                <![CDATA[Vikram.Gudidevuni@gmail.com]]>
              </value>
            </param>
            <param index="1">
              <value>
                <![CDATA[E-Mail address isn't registered!]]>
              </value>
            </param>
          </params>
          <reporter-output>
          </reporter-output>
        </test-method> <!-- login_004 -->
        <test-method status="PASS" signature="afterTest(org.testng.ITestContext)[pri:0, instance:Test.Gurukula.LoginPageTest@4df828d7]" name="afterTest" is-config="true" duration-ms="878" started-at="2016-05-09T23:34:04Z" finished-at="2016-05-09T23:34:04Z">
          <params>
            <param index="0">
              <value>
                <![CDATA[org.testng.TestRunner@767e20cf]]>
              </value>
            </param>
          </params>
          <reporter-output>
          </reporter-output>
        </test-method> <!-- afterTest -->
        <test-method status="PASS" signature="initializeDriver(org.testng.ITestContext)[pri:0, instance:Test.Gurukula.LoginPageTest@4df828d7]" name="initializeDriver" is-config="true" duration-ms="1247" started-at="2016-05-09T23:34:04Z" finished-at="2016-05-09T23:34:06Z">
          <params>
            <param index="0">
              <value>
                <![CDATA[org.testng.TestRunner@767e20cf]]>
              </value>
            </param>
          </params>
          <reporter-output>
          </reporter-output>
        </test-method> <!-- initializeDriver -->
        <test-method status="PASS" signature="login_005(java.lang.String, java.lang.String)[pri:0, instance:Test.Gurukula.LoginPageTest@4df828d7]" name="login_005" duration-ms="15979" started-at="2016-05-09T23:34:06Z" finished-at="2016-05-09T23:34:22Z">
          <params>
            <param index="0">
              <value>
                <![CDATA[Test]]>
              </value>
            </param>
            <param index="1">
              <value>
                <![CDATA[Your e-mail is invalid.]]>
              </value>
            </param>
          </params>
          <reporter-output>
          </reporter-output>
        </test-method> <!-- login_005 -->
        <test-method status="PASS" signature="afterTest(org.testng.ITestContext)[pri:0, instance:Test.Gurukula.LoginPageTest@4df828d7]" name="afterTest" is-config="true" duration-ms="936" started-at="2016-05-09T23:34:22Z" finished-at="2016-05-09T23:34:23Z">
          <params>
            <param index="0">
              <value>
                <![CDATA[org.testng.TestRunner@767e20cf]]>
              </value>
            </param>
          </params>
          <reporter-output>
          </reporter-output>
        </test-method> <!-- afterTest -->
        <test-method status="PASS" signature="initializeDriver(org.testng.ITestContext)[pri:0, instance:Test.Gurukula.LoginPageTest@4df828d7]" name="initializeDriver" is-config="true" duration-ms="1283" started-at="2016-05-09T23:34:23Z" finished-at="2016-05-09T23:34:24Z">
          <params>
            <param index="0">
              <value>
                <![CDATA[org.testng.TestRunner@767e20cf]]>
              </value>
            </param>
          </params>
          <reporter-output>
          </reporter-output>
        </test-method> <!-- initializeDriver -->
        <test-method status="PASS" signature="login_006(java.lang.String)[pri:0, instance:Test.Gurukula.LoginPageTest@4df828d7]" name="login_006" duration-ms="15598" started-at="2016-05-09T23:34:24Z" finished-at="2016-05-09T23:34:39Z">
          <params>
            <param index="0">
              <value>
                <![CDATA[Registration]]>
              </value>
            </param>
          </params>
          <reporter-output>
          </reporter-output>
        </test-method> <!-- login_006 -->
        <test-method status="PASS" signature="afterTest(org.testng.ITestContext)[pri:0, instance:Test.Gurukula.LoginPageTest@4df828d7]" name="afterTest" is-config="true" duration-ms="943" started-at="2016-05-09T23:34:39Z" finished-at="2016-05-09T23:34:40Z">
          <params>
            <param index="0">
              <value>
                <![CDATA[org.testng.TestRunner@767e20cf]]>
              </value>
            </param>
          </params>
          <reporter-output>
          </reporter-output>
        </test-method> <!-- afterTest -->
        <test-method status="PASS" signature="initializeDriver(org.testng.ITestContext)[pri:0, instance:Test.Gurukula.LoginPageTest@4df828d7]" name="initializeDriver" is-config="true" duration-ms="1353" started-at="2016-05-09T23:34:40Z" finished-at="2016-05-09T23:34:42Z">
          <params>
            <param index="0">
              <value>
                <![CDATA[org.testng.TestRunner@767e20cf]]>
              </value>
            </param>
          </params>
          <reporter-output>
          </reporter-output>
        </test-method> <!-- initializeDriver -->
        <test-method status="PASS" signature="login_007()[pri:0, instance:Test.Gurukula.LoginPageTest@4df828d7]" name="login_007" duration-ms="15649" started-at="2016-05-09T23:34:42Z" finished-at="2016-05-09T23:34:57Z">
          <reporter-output>
          </reporter-output>
        </test-method> <!-- login_007 -->
        <test-method status="PASS" signature="afterTest(org.testng.ITestContext)[pri:0, instance:Test.Gurukula.LoginPageTest@4df828d7]" name="afterTest" is-config="true" duration-ms="926" started-at="2016-05-09T23:34:57Z" finished-at="2016-05-09T23:34:58Z">
          <params>
            <param index="0">
              <value>
                <![CDATA[org.testng.TestRunner@767e20cf]]>
              </value>
            </param>
          </params>
          <reporter-output>
          </reporter-output>
        </test-method> <!-- afterTest -->
        <test-method status="PASS" signature="initializeDriver(org.testng.ITestContext)[pri:0, instance:Test.Gurukula.LoginPageTest@4df828d7]" name="initializeDriver" is-config="true" duration-ms="1351" started-at="2016-05-09T23:34:58Z" finished-at="2016-05-09T23:35:00Z">
          <params>
            <param index="0">
              <value>
                <![CDATA[org.testng.TestRunner@767e20cf]]>
              </value>
            </param>
          </params>
          <reporter-output>
          </reporter-output>
        </test-method> <!-- initializeDriver -->
        <test-method status="PASS" signature="login_008(java.lang.String, java.lang.String, java.lang.String)[pri:0, instance:Test.Gurukula.LoginPageTest@4df828d7]" name="login_008" duration-ms="16317" started-at="2016-05-09T23:35:00Z" finished-at="2016-05-09T23:35:16Z">
          <params>
            <param index="0">
              <value>
                <![CDATA[Vikram]]>
              </value>
            </param>
            <param index="1">
              <value>
                <![CDATA[Vikram_1258@yhoo.com]]>
              </value>
            </param>
            <param index="2">
              <value>
                <![CDATA[Vikram!1234]]>
              </value>
            </param>
          </params>
          <reporter-output>
          </reporter-output>
        </test-method> <!-- login_008 -->
        <test-method status="PASS" signature="afterTest(org.testng.ITestContext)[pri:0, instance:Test.Gurukula.LoginPageTest@4df828d7]" name="afterTest" is-config="true" duration-ms="939" started-at="2016-05-09T23:35:16Z" finished-at="2016-05-09T23:35:17Z">
          <params>
            <param index="0">
              <value>
                <![CDATA[org.testng.TestRunner@767e20cf]]>
              </value>
            </param>
          </params>
          <reporter-output>
          </reporter-output>
        </test-method> <!-- afterTest -->
      </class> <!-- Test.Gurukula.LoginPageTest -->
    </test> <!-- Test -->
  </suite> <!-- Suite -->
</testng-results>
