<?xml version="1.0" encoding="UTF-8"?>
<testng-results skipped="0" failed="1" total="24" passed="23">
  <reporter-output>
  </reporter-output>
  <suite name="Suite" duration-ms="463343" started-at="2016-05-09T18:48:08Z" finished-at="2016-05-09T18:55:51Z">
    <groups>
      <group name="Account">
        <method signature="AccountPageTest.account_001(java.lang.String)[pri:0, instance:Test.Gurukula.AccountPageTest@52e677af]" name="account_001" class="Test.Gurukula.AccountPageTest"/>
        <method signature="AccountPageTest.account_002(java.lang.String, java.lang.String, java.lang.String, java.lang.String)[pri:0, instance:Test.Gurukula.AccountPageTest@52e677af]" name="account_002" class="Test.Gurukula.AccountPageTest"/>
        <method signature="AccountPageTest.account_003(java.lang.String)[pri:0, instance:Test.Gurukula.AccountPageTest@52e677af]" name="account_003" class="Test.Gurukula.AccountPageTest"/>
        <method signature="AccountPageTest.account_004(java.lang.String, java.lang.String)[pri:0, instance:Test.Gurukula.AccountPageTest@52e677af]" name="account_004" class="Test.Gurukula.AccountPageTest"/>
        <method signature="AccountPageTest.account_005(java.lang.String, java.lang.String)[pri:0, instance:Test.Gurukula.AccountPageTest@52e677af]" name="account_005" class="Test.Gurukula.AccountPageTest"/>
        <method signature="AccountPageTest.account_006(java.lang.String)[pri:0, instance:Test.Gurukula.AccountPageTest@52e677af]" name="account_006" class="Test.Gurukula.AccountPageTest"/>
        <method signature="AccountPageTest.account_007(java.lang.String)[pri:0, instance:Test.Gurukula.AccountPageTest@52e677af]" name="account_007" class="Test.Gurukula.AccountPageTest"/>
        <method signature="AccountPageTest.account_008()[pri:0, instance:Test.Gurukula.AccountPageTest@52e677af]" name="account_008" class="Test.Gurukula.AccountPageTest"/>
      </group> <!-- Account -->
      <group name="Branch">
        <method signature="BranchPageTest.branch_001(java.lang.String)[pri:0, instance:Test.Gurukula.BranchPageTest@75c072cb]" name="branch_001" class="Test.Gurukula.BranchPageTest"/>
        <method signature="BranchPageTest.branch_002(java.lang.String, java.lang.String)[pri:0, instance:Test.Gurukula.BranchPageTest@75c072cb]" name="branch_002" class="Test.Gurukula.BranchPageTest"/>
        <method signature="BranchPageTest.branch_003(java.lang.String, java.lang.String)[pri:0, instance:Test.Gurukula.BranchPageTest@75c072cb]" name="branch_003" class="Test.Gurukula.BranchPageTest"/>
      </group> <!-- Branch -->
      <group name="Staff">
        <method signature="StaffPageTest.staff_001(java.lang.String)[pri:0, instance:Test.Gurukula.StaffPageTest@5b0abc94]" name="staff_001" class="Test.Gurukula.StaffPageTest"/>
        <method signature="StaffPageTest.staff_002(java.lang.String, java.lang.String, java.lang.String, java.lang.String)[pri:0, instance:Test.Gurukula.StaffPageTest@5b0abc94]" name="staff_002" class="Test.Gurukula.StaffPageTest"/>
        <method signature="StaffPageTest.staff_003(java.lang.String, java.lang.String, java.lang.String, java.lang.String)[pri:0, instance:Test.Gurukula.StaffPageTest@5b0abc94]" name="staff_003" class="Test.Gurukula.StaffPageTest"/>
      </group> <!-- Staff -->
      <group name="Regression">
        <method signature="AccountPageTest.account_001(java.lang.String)[pri:0, instance:Test.Gurukula.AccountPageTest@52e677af]" name="account_001" class="Test.Gurukula.AccountPageTest"/>
        <method signature="AccountPageTest.account_002(java.lang.String, java.lang.String, java.lang.String, java.lang.String)[pri:0, instance:Test.Gurukula.AccountPageTest@52e677af]" name="account_002" class="Test.Gurukula.AccountPageTest"/>
        <method signature="AccountPageTest.account_003(java.lang.String)[pri:0, instance:Test.Gurukula.AccountPageTest@52e677af]" name="account_003" class="Test.Gurukula.AccountPageTest"/>
        <method signature="AccountPageTest.account_004(java.lang.String, java.lang.String)[pri:0, instance:Test.Gurukula.AccountPageTest@52e677af]" name="account_004" class="Test.Gurukula.AccountPageTest"/>
        <method signature="AccountPageTest.account_005(java.lang.String, java.lang.String)[pri:0, instance:Test.Gurukula.AccountPageTest@52e677af]" name="account_005" class="Test.Gurukula.AccountPageTest"/>
        <method signature="AccountPageTest.account_006(java.lang.String)[pri:0, instance:Test.Gurukula.AccountPageTest@52e677af]" name="account_006" class="Test.Gurukula.AccountPageTest"/>
        <method signature="AccountPageTest.account_007(java.lang.String)[pri:0, instance:Test.Gurukula.AccountPageTest@52e677af]" name="account_007" class="Test.Gurukula.AccountPageTest"/>
        <method signature="AccountPageTest.account_008()[pri:0, instance:Test.Gurukula.AccountPageTest@52e677af]" name="account_008" class="Test.Gurukula.AccountPageTest"/>
        <method signature="BranchPageTest.branch_001(java.lang.String)[pri:0, instance:Test.Gurukula.BranchPageTest@75c072cb]" name="branch_001" class="Test.Gurukula.BranchPageTest"/>
        <method signature="BranchPageTest.branch_002(java.lang.String, java.lang.String)[pri:0, instance:Test.Gurukula.BranchPageTest@75c072cb]" name="branch_002" class="Test.Gurukula.BranchPageTest"/>
        <method signature="BranchPageTest.branch_003(java.lang.String, java.lang.String)[pri:0, instance:Test.Gurukula.BranchPageTest@75c072cb]" name="branch_003" class="Test.Gurukula.BranchPageTest"/>
        <method signature="HomePageTest.home_001(java.lang.String)[pri:0, instance:Test.Gurukula.HomePageTest@1f1c7bf6]" name="home_001" class="Test.Gurukula.HomePageTest"/>
        <method signature="HomePageTest.home_002()[pri:0, instance:Test.Gurukula.HomePageTest@1f1c7bf6]" name="home_002" class="Test.Gurukula.HomePageTest"/>
        <method signature="LoginPageTest.login_001(java.lang.String)[pri:0, instance:Test.Gurukula.LoginPageTest@7d68ef40]" name="login_001" class="Test.Gurukula.LoginPageTest"/>
        <method signature="LoginPageTest.login_002(java.lang.String)[pri:0, instance:Test.Gurukula.LoginPageTest@7d68ef40]" name="login_002" class="Test.Gurukula.LoginPageTest"/>
        <method signature="LoginPageTest.login_003(java.lang.String)[pri:0, instance:Test.Gurukula.LoginPageTest@7d68ef40]" name="login_003" class="Test.Gurukula.LoginPageTest"/>
        <method signature="LoginPageTest.login_004(java.lang.String, java.lang.String)[pri:0, instance:Test.Gurukula.LoginPageTest@7d68ef40]" name="login_004" class="Test.Gurukula.LoginPageTest"/>
        <method signature="LoginPageTest.login_005(java.lang.String, java.lang.String)[pri:0, instance:Test.Gurukula.LoginPageTest@7d68ef40]" name="login_005" class="Test.Gurukula.LoginPageTest"/>
        <method signature="LoginPageTest.login_006(java.lang.String)[pri:0, instance:Test.Gurukula.LoginPageTest@7d68ef40]" name="login_006" class="Test.Gurukula.LoginPageTest"/>
        <method signature="LoginPageTest.login_007()[pri:0, instance:Test.Gurukula.LoginPageTest@7d68ef40]" name="login_007" class="Test.Gurukula.LoginPageTest"/>
        <method signature="LoginPageTest.login_008(java.lang.String, java.lang.String, java.lang.String)[pri:0, instance:Test.Gurukula.LoginPageTest@7d68ef40]" name="login_008" class="Test.Gurukula.LoginPageTest"/>
        <method signature="StaffPageTest.staff_001(java.lang.String)[pri:0, instance:Test.Gurukula.StaffPageTest@5b0abc94]" name="staff_001" class="Test.Gurukula.StaffPageTest"/>
        <method signature="StaffPageTest.staff_002(java.lang.String, java.lang.String, java.lang.String, java.lang.String)[pri:0, instance:Test.Gurukula.StaffPageTest@5b0abc94]" name="staff_002" class="Test.Gurukula.StaffPageTest"/>
        <method signature="StaffPageTest.staff_003(java.lang.String, java.lang.String, java.lang.String, java.lang.String)[pri:0, instance:Test.Gurukula.StaffPageTest@5b0abc94]" name="staff_003" class="Test.Gurukula.StaffPageTest"/>
      </group> <!-- Regression -->
      <group name="Smoke">
        <method signature="AccountPageTest.account_002(java.lang.String, java.lang.String, java.lang.String, java.lang.String)[pri:0, instance:Test.Gurukula.AccountPageTest@52e677af]" name="account_002" class="Test.Gurukula.AccountPageTest"/>
        <method signature="BranchPageTest.branch_002(java.lang.String, java.lang.String)[pri:0, instance:Test.Gurukula.BranchPageTest@75c072cb]" name="branch_002" class="Test.Gurukula.BranchPageTest"/>
        <method signature="HomePageTest.home_001(java.lang.String)[pri:0, instance:Test.Gurukula.HomePageTest@1f1c7bf6]" name="home_001" class="Test.Gurukula.HomePageTest"/>
        <method signature="HomePageTest.home_002()[pri:0, instance:Test.Gurukula.HomePageTest@1f1c7bf6]" name="home_002" class="Test.Gurukula.HomePageTest"/>
        <method signature="LoginPageTest.login_001(java.lang.String)[pri:0, instance:Test.Gurukula.LoginPageTest@7d68ef40]" name="login_001" class="Test.Gurukula.LoginPageTest"/>
        <method signature="StaffPageTest.staff_002(java.lang.String, java.lang.String, java.lang.String, java.lang.String)[pri:0, instance:Test.Gurukula.StaffPageTest@5b0abc94]" name="staff_002" class="Test.Gurukula.StaffPageTest"/>
      </group> <!-- Smoke -->
      <group name="Login">
        <method signature="LoginPageTest.login_001(java.lang.String)[pri:0, instance:Test.Gurukula.LoginPageTest@7d68ef40]" name="login_001" class="Test.Gurukula.LoginPageTest"/>
        <method signature="LoginPageTest.login_002(java.lang.String)[pri:0, instance:Test.Gurukula.LoginPageTest@7d68ef40]" name="login_002" class="Test.Gurukula.LoginPageTest"/>
        <method signature="LoginPageTest.login_003(java.lang.String)[pri:0, instance:Test.Gurukula.LoginPageTest@7d68ef40]" name="login_003" class="Test.Gurukula.LoginPageTest"/>
        <method signature="LoginPageTest.login_004(java.lang.String, java.lang.String)[pri:0, instance:Test.Gurukula.LoginPageTest@7d68ef40]" name="login_004" class="Test.Gurukula.LoginPageTest"/>
        <method signature="LoginPageTest.login_005(java.lang.String, java.lang.String)[pri:0, instance:Test.Gurukula.LoginPageTest@7d68ef40]" name="login_005" class="Test.Gurukula.LoginPageTest"/>
        <method signature="LoginPageTest.login_006(java.lang.String)[pri:0, instance:Test.Gurukula.LoginPageTest@7d68ef40]" name="login_006" class="Test.Gurukula.LoginPageTest"/>
        <method signature="LoginPageTest.login_007()[pri:0, instance:Test.Gurukula.LoginPageTest@7d68ef40]" name="login_007" class="Test.Gurukula.LoginPageTest"/>
        <method signature="LoginPageTest.login_008(java.lang.String, java.lang.String, java.lang.String)[pri:0, instance:Test.Gurukula.LoginPageTest@7d68ef40]" name="login_008" class="Test.Gurukula.LoginPageTest"/>
      </group> <!-- Login -->
      <group name="Home">
        <method signature="HomePageTest.home_001(java.lang.String)[pri:0, instance:Test.Gurukula.HomePageTest@1f1c7bf6]" name="home_001" class="Test.Gurukula.HomePageTest"/>
        <method signature="HomePageTest.home_002()[pri:0, instance:Test.Gurukula.HomePageTest@1f1c7bf6]" name="home_002" class="Test.Gurukula.HomePageTest"/>
      </group> <!-- Home -->
    </groups>
    <test name="Test" duration-ms="463343" started-at="2016-05-09T18:48:08Z" finished-at="2016-05-09T18:55:51Z">
      <class name="Test.Gurukula.AccountPageTest">
        <test-method status="PASS" signature="initializeDriver(org.testng.ITestContext)[pri:0, instance:Test.Gurukula.AccountPageTest@52e677af]" name="initializeDriver" is-config="true" duration-ms="2131" started-at="2016-05-10T00:18:08Z" finished-at="2016-05-10T00:18:10Z">
          <params>
            <param index="0">
              <value>
                <![CDATA[org.testng.TestRunner@3668d4]]>
              </value>
            </param>
          </params>
          <reporter-output>
          </reporter-output>
        </test-method> <!-- initializeDriver -->
        <test-method status="PASS" signature="account_001(java.lang.String)[pri:0, instance:Test.Gurukula.AccountPageTest@52e677af]" name="account_001" duration-ms="17818" started-at="2016-05-10T00:18:10Z" finished-at="2016-05-10T00:18:28Z">
          <params>
            <param index="0">
              <value>
                <![CDATA[User settings for]]>
              </value>
            </param>
          </params>
          <reporter-output>
          </reporter-output>
        </test-method> <!-- account_001 -->
        <test-method status="PASS" signature="afterTest(org.testng.ITestContext)[pri:0, instance:Test.Gurukula.AccountPageTest@52e677af]" name="afterTest" is-config="true" duration-ms="1125" started-at="2016-05-10T00:18:28Z" finished-at="2016-05-10T00:18:29Z">
          <params>
            <param index="0">
              <value>
                <![CDATA[org.testng.TestRunner@3668d4]]>
              </value>
            </param>
          </params>
          <reporter-output>
          </reporter-output>
        </test-method> <!-- afterTest -->
        <test-method status="PASS" signature="initializeDriver(org.testng.ITestContext)[pri:0, instance:Test.Gurukula.AccountPageTest@52e677af]" name="initializeDriver" is-config="true" duration-ms="1296" started-at="2016-05-10T00:18:29Z" finished-at="2016-05-10T00:18:30Z">
          <params>
            <param index="0">
              <value>
                <![CDATA[org.testng.TestRunner@3668d4]]>
              </value>
            </param>
          </params>
          <reporter-output>
          </reporter-output>
        </test-method> <!-- initializeDriver -->
        <test-method status="FAIL" signature="account_002(java.lang.String, java.lang.String, java.lang.String, java.lang.String)[pri:0, instance:Test.Gurukula.AccountPageTest@52e677af]" name="account_002" duration-ms="17251" started-at="2016-05-10T00:18:30Z" finished-at="2016-05-10T00:18:48Z">
          <params>
            <param index="0">
              <value>
                <![CDATA[vikram]]>
              </value>
            </param>
            <param index="1">
              <value>
                <![CDATA[gudidevuni]]>
              </value>
            </param>
            <param index="2">
              <value>
                <![CDATA[Vikram.Gudidevuni@gmail.com]]>
              </value>
            </param>
            <param index="3">
              <value>
                <![CDATA[ Settings saved.]]>
              </value>
            </param>
          </params>
          <exception class="java.lang.AssertionError">
            <message>
              <![CDATA[expected [true] but found [false]]]>
            </message>
            <full-stacktrace>
              <![CDATA[java.lang.AssertionError: expected [true] but found [false]
	at org.testng.Assert.fail(Assert.java:94)
	at org.testng.Assert.failNotEquals(Assert.java:494)
	at org.testng.Assert.assertTrue(Assert.java:42)
	at org.testng.Assert.assertTrue(Assert.java:52)
	at Test.Gurukula.AccountPageTest.account_002(AccountPageTest.java:66)
	at sun.reflect.NativeMethodAccessorImpl.invoke0(Native Method)
	at sun.reflect.NativeMethodAccessorImpl.invoke(NativeMethodAccessorImpl.java:62)
	at sun.reflect.DelegatingMethodAccessorImpl.invoke(DelegatingMethodAccessorImpl.java:43)
	at java.lang.reflect.Method.invoke(Method.java:497)
	at org.testng.internal.MethodInvocationHelper.invokeMethod(MethodInvocationHelper.java:80)
	at org.testng.internal.Invoker.invokeMethod(Invoker.java:714)
	at org.testng.internal.Invoker.invokeTestMethod(Invoker.java:901)
	at org.testng.internal.Invoker.invokeTestMethods(Invoker.java:1231)
	at org.testng.internal.TestMethodWorker.invokeTestMethods(TestMethodWorker.java:127)
	at org.testng.internal.TestMethodWorker.run(TestMethodWorker.java:111)
	at org.testng.TestRunner.privateRun(TestRunner.java:767)
	at org.testng.TestRunner.run(TestRunner.java:617)
	at org.testng.SuiteRunner.runTest(SuiteRunner.java:334)
	at org.testng.SuiteRunner.runSequentially(SuiteRunner.java:329)
	at org.testng.SuiteRunner.privateRun(SuiteRunner.java:291)
	at org.testng.SuiteRunner.run(SuiteRunner.java:240)
	at org.testng.SuiteRunnerWorker.runSuite(SuiteRunnerWorker.java:52)
	at org.testng.SuiteRunnerWorker.run(SuiteRunnerWorker.java:86)
	at org.testng.TestNG.runSuitesSequentially(TestNG.java:1198)
	at org.testng.TestNG.runSuitesLocally(TestNG.java:1123)
	at org.testng.TestNG.run(TestNG.java:1031)
	at org.testng.remote.AbstractRemoteTestNG.run(AbstractRemoteTestNG.java:126)
	at org.testng.remote.RemoteTestNG.initAndRun(RemoteTestNG.java:137)
	at org.testng.remote.RemoteTestNG.main(RemoteTestNG.java:58)
]]>
            </full-stacktrace>
          </exception> <!-- java.lang.AssertionError -->
          <reporter-output>
          </reporter-output>
        </test-method> <!-- account_002 -->
        <test-method status="PASS" signature="afterTest(org.testng.ITestContext)[pri:0, instance:Test.Gurukula.AccountPageTest@52e677af]" name="afterTest" is-config="true" duration-ms="966" started-at="2016-05-10T00:18:48Z" finished-at="2016-05-10T00:18:49Z">
          <params>
            <param index="0">
              <value>
                <![CDATA[org.testng.TestRunner@3668d4]]>
              </value>
            </param>
          </params>
          <reporter-output>
          </reporter-output>
        </test-method> <!-- afterTest -->
        <test-method status="PASS" signature="initializeDriver(org.testng.ITestContext)[pri:0, instance:Test.Gurukula.AccountPageTest@52e677af]" name="initializeDriver" is-config="true" duration-ms="1263" started-at="2016-05-10T00:18:49Z" finished-at="2016-05-10T00:18:50Z">
          <params>
            <param index="0">
              <value>
                <![CDATA[org.testng.TestRunner@3668d4]]>
              </value>
            </param>
          </params>
          <reporter-output>
          </reporter-output>
        </test-method> <!-- initializeDriver -->
        <test-method status="PASS" signature="account_003(java.lang.String)[pri:0, instance:Test.Gurukula.AccountPageTest@52e677af]" name="account_003" duration-ms="16115" started-at="2016-05-10T00:18:50Z" finished-at="2016-05-10T00:19:06Z">
          <params>
            <param index="0">
              <value>
                <![CDATA[Password for]]>
              </value>
            </param>
          </params>
          <reporter-output>
          </reporter-output>
        </test-method> <!-- account_003 -->
        <test-method status="PASS" signature="afterTest(org.testng.ITestContext)[pri:0, instance:Test.Gurukula.AccountPageTest@52e677af]" name="afterTest" is-config="true" duration-ms="896" started-at="2016-05-10T00:19:06Z" finished-at="2016-05-10T00:19:07Z">
          <params>
            <param index="0">
              <value>
                <![CDATA[org.testng.TestRunner@3668d4]]>
              </value>
            </param>
          </params>
          <reporter-output>
          </reporter-output>
        </test-method> <!-- afterTest -->
        <test-method status="PASS" signature="initializeDriver(org.testng.ITestContext)[pri:0, instance:Test.Gurukula.AccountPageTest@52e677af]" name="initializeDriver" is-config="true" duration-ms="1273" started-at="2016-05-10T00:19:07Z" finished-at="2016-05-10T00:19:08Z">
          <params>
            <param index="0">
              <value>
                <![CDATA[org.testng.TestRunner@3668d4]]>
              </value>
            </param>
          </params>
          <reporter-output>
          </reporter-output>
        </test-method> <!-- initializeDriver -->
        <test-method status="PASS" signature="account_004(java.lang.String, java.lang.String)[pri:0, instance:Test.Gurukula.AccountPageTest@52e677af]" name="account_004" duration-ms="16201" started-at="2016-05-10T00:19:08Z" finished-at="2016-05-10T00:19:24Z">
          <params>
            <param index="0">
              <value>
                <![CDATA[Pas]]>
              </value>
            </param>
            <param index="1">
              <value>
                <![CDATA[Your password is required to be at least 5 characters.]]>
              </value>
            </param>
          </params>
          <reporter-output>
          </reporter-output>
        </test-method> <!-- account_004 -->
        <test-method status="PASS" signature="afterTest(org.testng.ITestContext)[pri:0, instance:Test.Gurukula.AccountPageTest@52e677af]" name="afterTest" is-config="true" duration-ms="941" started-at="2016-05-10T00:19:24Z" finished-at="2016-05-10T00:19:25Z">
          <params>
            <param index="0">
              <value>
                <![CDATA[org.testng.TestRunner@3668d4]]>
              </value>
            </param>
          </params>
          <reporter-output>
          </reporter-output>
        </test-method> <!-- afterTest -->
        <test-method status="PASS" signature="initializeDriver(org.testng.ITestContext)[pri:0, instance:Test.Gurukula.AccountPageTest@52e677af]" name="initializeDriver" is-config="true" duration-ms="1281" started-at="2016-05-10T00:19:25Z" finished-at="2016-05-10T00:19:27Z">
          <params>
            <param index="0">
              <value>
                <![CDATA[org.testng.TestRunner@3668d4]]>
              </value>
            </param>
          </params>
          <reporter-output>
          </reporter-output>
        </test-method> <!-- initializeDriver -->
        <test-method status="PASS" signature="account_005(java.lang.String, java.lang.String)[pri:0, instance:Test.Gurukula.AccountPageTest@52e677af]" name="account_005" duration-ms="16104" started-at="2016-05-10T00:19:27Z" finished-at="2016-05-10T00:19:43Z">
          <params>
            <param index="0">
              <value>
                <![CDATA[Vikky123]]>
              </value>
            </param>
            <param index="1">
              <value>
                <![CDATA[(153, 255, 0)]]>
              </value>
            </param>
          </params>
          <reporter-output>
          </reporter-output>
        </test-method> <!-- account_005 -->
        <test-method status="PASS" signature="afterTest(org.testng.ITestContext)[pri:0, instance:Test.Gurukula.AccountPageTest@52e677af]" name="afterTest" is-config="true" duration-ms="953" started-at="2016-05-10T00:19:43Z" finished-at="2016-05-10T00:19:44Z">
          <params>
            <param index="0">
              <value>
                <![CDATA[org.testng.TestRunner@3668d4]]>
              </value>
            </param>
          </params>
          <reporter-output>
          </reporter-output>
        </test-method> <!-- afterTest -->
        <test-method status="PASS" signature="initializeDriver(org.testng.ITestContext)[pri:0, instance:Test.Gurukula.AccountPageTest@52e677af]" name="initializeDriver" is-config="true" duration-ms="1313" started-at="2016-05-10T00:19:44Z" finished-at="2016-05-10T00:19:45Z">
          <params>
            <param index="0">
              <value>
                <![CDATA[org.testng.TestRunner@3668d4]]>
              </value>
            </param>
          </params>
          <reporter-output>
          </reporter-output>
        </test-method> <!-- initializeDriver -->
        <test-method status="PASS" signature="account_006(java.lang.String)[pri:0, instance:Test.Gurukula.AccountPageTest@52e677af]" name="account_006" duration-ms="16091" started-at="2016-05-10T00:19:45Z" finished-at="2016-05-10T00:20:01Z">
          <params>
            <param index="0">
              <value>
                <![CDATA[Active sessions for]]>
              </value>
            </param>
          </params>
          <reporter-output>
          </reporter-output>
        </test-method> <!-- account_006 -->
        <test-method status="PASS" signature="afterTest(org.testng.ITestContext)[pri:0, instance:Test.Gurukula.AccountPageTest@52e677af]" name="afterTest" is-config="true" duration-ms="975" started-at="2016-05-10T00:20:01Z" finished-at="2016-05-10T00:20:02Z">
          <params>
            <param index="0">
              <value>
                <![CDATA[org.testng.TestRunner@3668d4]]>
              </value>
            </param>
          </params>
          <reporter-output>
          </reporter-output>
        </test-method> <!-- afterTest -->
        <test-method status="PASS" signature="initializeDriver(org.testng.ITestContext)[pri:0, instance:Test.Gurukula.AccountPageTest@52e677af]" name="initializeDriver" is-config="true" duration-ms="1276" started-at="2016-05-10T00:20:02Z" finished-at="2016-05-10T00:20:03Z">
          <params>
            <param index="0">
              <value>
                <![CDATA[org.testng.TestRunner@3668d4]]>
              </value>
            </param>
          </params>
          <reporter-output>
          </reporter-output>
        </test-method> <!-- initializeDriver -->
        <test-method status="PASS" signature="account_007(java.lang.String)[pri:0, instance:Test.Gurukula.AccountPageTest@52e677af]" name="account_007" duration-ms="16292" started-at="2016-05-10T00:20:03Z" finished-at="2016-05-10T00:20:20Z">
          <params>
            <param index="0">
              <value>
                <![CDATA[Session invalidated!]]>
              </value>
            </param>
          </params>
          <reporter-output>
          </reporter-output>
        </test-method> <!-- account_007 -->
        <test-method status="PASS" signature="afterTest(org.testng.ITestContext)[pri:0, instance:Test.Gurukula.AccountPageTest@52e677af]" name="afterTest" is-config="true" duration-ms="951" started-at="2016-05-10T00:20:20Z" finished-at="2016-05-10T00:20:21Z">
          <params>
            <param index="0">
              <value>
                <![CDATA[org.testng.TestRunner@3668d4]]>
              </value>
            </param>
          </params>
          <reporter-output>
          </reporter-output>
        </test-method> <!-- afterTest -->
        <test-method status="PASS" signature="initializeDriver(org.testng.ITestContext)[pri:0, instance:Test.Gurukula.AccountPageTest@52e677af]" name="initializeDriver" is-config="true" duration-ms="1339" started-at="2016-05-10T00:20:21Z" finished-at="2016-05-10T00:20:22Z">
          <params>
            <param index="0">
              <value>
                <![CDATA[org.testng.TestRunner@3668d4]]>
              </value>
            </param>
          </params>
          <reporter-output>
          </reporter-output>
        </test-method> <!-- initializeDriver -->
        <test-method status="PASS" signature="account_008()[pri:0, instance:Test.Gurukula.AccountPageTest@52e677af]" name="account_008" duration-ms="16197" started-at="2016-05-10T00:20:22Z" finished-at="2016-05-10T00:20:38Z">
          <reporter-output>
          </reporter-output>
        </test-method> <!-- account_008 -->
        <test-method status="PASS" signature="afterTest(org.testng.ITestContext)[pri:0, instance:Test.Gurukula.AccountPageTest@52e677af]" name="afterTest" is-config="true" duration-ms="909" started-at="2016-05-10T00:20:38Z" finished-at="2016-05-10T00:20:39Z">
          <params>
            <param index="0">
              <value>
                <![CDATA[org.testng.TestRunner@3668d4]]>
              </value>
            </param>
          </params>
          <reporter-output>
          </reporter-output>
        </test-method> <!-- afterTest -->
      </class> <!-- Test.Gurukula.AccountPageTest -->
      <class name="Test.Gurukula.BranchPageTest">
        <test-method status="PASS" signature="initializeDriver(org.testng.ITestContext)[pri:0, instance:Test.Gurukula.BranchPageTest@75c072cb]" name="initializeDriver" is-config="true" duration-ms="1350" started-at="2016-05-10T00:24:54Z" finished-at="2016-05-10T00:24:55Z">
          <params>
            <param index="0">
              <value>
                <![CDATA[org.testng.TestRunner@3668d4]]>
              </value>
            </param>
          </params>
          <reporter-output>
          </reporter-output>
        </test-method> <!-- initializeDriver -->
        <test-method status="PASS" signature="branch_001(java.lang.String)[pri:0, instance:Test.Gurukula.BranchPageTest@75c072cb]" name="branch_001" duration-ms="15971" started-at="2016-05-10T00:24:55Z" finished-at="2016-05-10T00:25:11Z">
          <params>
            <param index="0">
              <value>
                <![CDATA[Branches]]>
              </value>
            </param>
          </params>
          <reporter-output>
          </reporter-output>
        </test-method> <!-- branch_001 -->
        <test-method status="PASS" signature="afterTest(org.testng.ITestContext)[pri:0, instance:Test.Gurukula.BranchPageTest@75c072cb]" name="afterTest" is-config="true" duration-ms="902" started-at="2016-05-10T00:25:11Z" finished-at="2016-05-10T00:25:12Z">
          <params>
            <param index="0">
              <value>
                <![CDATA[org.testng.TestRunner@3668d4]]>
              </value>
            </param>
          </params>
          <reporter-output>
          </reporter-output>
        </test-method> <!-- afterTest -->
        <test-method status="PASS" signature="initializeDriver(org.testng.ITestContext)[pri:0, instance:Test.Gurukula.BranchPageTest@75c072cb]" name="initializeDriver" is-config="true" duration-ms="1269" started-at="2016-05-10T00:25:12Z" finished-at="2016-05-10T00:25:13Z">
          <params>
            <param index="0">
              <value>
                <![CDATA[org.testng.TestRunner@3668d4]]>
              </value>
            </param>
          </params>
          <reporter-output>
          </reporter-output>
        </test-method> <!-- initializeDriver -->
        <test-method status="PASS" signature="branch_002(java.lang.String, java.lang.String)[pri:0, instance:Test.Gurukula.BranchPageTest@75c072cb]" name="branch_002" duration-ms="17348" started-at="2016-05-10T00:25:13Z" finished-at="2016-05-10T00:25:31Z">
          <params>
            <param index="0">
              <value>
                <![CDATA[BranchOne]]>
              </value>
            </param>
            <param index="1">
              <value>
                <![CDATA[12]]>
              </value>
            </param>
          </params>
          <reporter-output>
          </reporter-output>
        </test-method> <!-- branch_002 -->
        <test-method status="PASS" signature="afterTest(org.testng.ITestContext)[pri:0, instance:Test.Gurukula.BranchPageTest@75c072cb]" name="afterTest" is-config="true" duration-ms="908" started-at="2016-05-10T00:25:31Z" finished-at="2016-05-10T00:25:31Z">
          <params>
            <param index="0">
              <value>
                <![CDATA[org.testng.TestRunner@3668d4]]>
              </value>
            </param>
          </params>
          <reporter-output>
          </reporter-output>
        </test-method> <!-- afterTest -->
        <test-method status="PASS" signature="initializeDriver(org.testng.ITestContext)[pri:0, instance:Test.Gurukula.BranchPageTest@75c072cb]" name="initializeDriver" is-config="true" duration-ms="1273" started-at="2016-05-10T00:25:31Z" finished-at="2016-05-10T00:25:33Z">
          <params>
            <param index="0">
              <value>
                <![CDATA[org.testng.TestRunner@3668d4]]>
              </value>
            </param>
          </params>
          <reporter-output>
          </reporter-output>
        </test-method> <!-- initializeDriver -->
        <test-method status="PASS" signature="branch_003(java.lang.String, java.lang.String)[pri:0, instance:Test.Gurukula.BranchPageTest@75c072cb]" name="branch_003" duration-ms="17614" started-at="2016-05-10T00:25:33Z" finished-at="2016-05-10T00:25:50Z">
          <params>
            <param index="0">
              <value>
                <![CDATA[BranchOne]]>
              </value>
            </param>
            <param index="1">
              <value>
                <![CDATA[12]]>
              </value>
            </param>
          </params>
          <reporter-output>
          </reporter-output>
        </test-method> <!-- branch_003 -->
        <test-method status="PASS" signature="afterTest(org.testng.ITestContext)[pri:0, instance:Test.Gurukula.BranchPageTest@75c072cb]" name="afterTest" is-config="true" duration-ms="958" started-at="2016-05-10T00:25:50Z" finished-at="2016-05-10T00:25:51Z">
          <params>
            <param index="0">
              <value>
                <![CDATA[org.testng.TestRunner@3668d4]]>
              </value>
            </param>
          </params>
          <reporter-output>
          </reporter-output>
        </test-method> <!-- afterTest -->
      </class> <!-- Test.Gurukula.BranchPageTest -->
      <class name="Test.Gurukula.StaffPageTest">
        <test-method status="PASS" signature="initializeDriver(org.testng.ITestContext)[pri:0, instance:Test.Gurukula.StaffPageTest@5b0abc94]" name="initializeDriver" is-config="true" duration-ms="1276" started-at="2016-05-10T00:23:37Z" finished-at="2016-05-10T00:23:38Z">
          <params>
            <param index="0">
              <value>
                <![CDATA[org.testng.TestRunner@3668d4]]>
              </value>
            </param>
          </params>
          <reporter-output>
          </reporter-output>
        </test-method> <!-- initializeDriver -->
        <test-method status="PASS" signature="staff_001(java.lang.String)[pri:0, instance:Test.Gurukula.StaffPageTest@5b0abc94]" name="staff_001" duration-ms="15590" started-at="2016-05-10T00:23:38Z" finished-at="2016-05-10T00:23:54Z">
          <params>
            <param index="0">
              <value>
                <![CDATA[Staffs]]>
              </value>
            </param>
          </params>
          <reporter-output>
          </reporter-output>
        </test-method> <!-- staff_001 -->
        <test-method status="PASS" signature="afterTest(org.testng.ITestContext)[pri:0, instance:Test.Gurukula.StaffPageTest@5b0abc94]" name="afterTest" is-config="true" duration-ms="945" started-at="2016-05-10T00:23:54Z" finished-at="2016-05-10T00:23:55Z">
          <params>
            <param index="0">
              <value>
                <![CDATA[org.testng.TestRunner@3668d4]]>
              </value>
            </param>
          </params>
          <reporter-output>
          </reporter-output>
        </test-method> <!-- afterTest -->
        <test-method status="PASS" signature="initializeDriver(org.testng.ITestContext)[pri:0, instance:Test.Gurukula.StaffPageTest@5b0abc94]" name="initializeDriver" is-config="true" duration-ms="1256" started-at="2016-05-10T00:23:55Z" finished-at="2016-05-10T00:23:56Z">
          <params>
            <param index="0">
              <value>
                <![CDATA[org.testng.TestRunner@3668d4]]>
              </value>
            </param>
          </params>
          <reporter-output>
          </reporter-output>
        </test-method> <!-- initializeDriver -->
        <test-method status="PASS" signature="staff_002(java.lang.String, java.lang.String, java.lang.String, java.lang.String)[pri:0, instance:Test.Gurukula.StaffPageTest@5b0abc94]" name="staff_002" duration-ms="27195" started-at="2016-05-10T00:23:56Z" finished-at="2016-05-10T00:24:23Z">
          <params>
            <param index="0">
              <value>
                <![CDATA[StaffOne]]>
              </value>
            </param>
            <param index="1">
              <value>
                <![CDATA[BranchOne]]>
              </value>
            </param>
            <param index="2">
              <value>
                <![CDATA[BranchOne]]>
              </value>
            </param>
            <param index="3">
              <value>
                <![CDATA[12]]>
              </value>
            </param>
          </params>
          <reporter-output>
          </reporter-output>
        </test-method> <!-- staff_002 -->
        <test-method status="PASS" signature="afterTest(org.testng.ITestContext)[pri:0, instance:Test.Gurukula.StaffPageTest@5b0abc94]" name="afterTest" is-config="true" duration-ms="1068" started-at="2016-05-10T00:24:23Z" finished-at="2016-05-10T00:24:24Z">
          <params>
            <param index="0">
              <value>
                <![CDATA[org.testng.TestRunner@3668d4]]>
              </value>
            </param>
          </params>
          <reporter-output>
          </reporter-output>
        </test-method> <!-- afterTest -->
        <test-method status="PASS" signature="initializeDriver(org.testng.ITestContext)[pri:0, instance:Test.Gurukula.StaffPageTest@5b0abc94]" name="initializeDriver" is-config="true" duration-ms="1266" started-at="2016-05-10T00:24:24Z" finished-at="2016-05-10T00:24:26Z">
          <params>
            <param index="0">
              <value>
                <![CDATA[org.testng.TestRunner@3668d4]]>
              </value>
            </param>
          </params>
          <reporter-output>
          </reporter-output>
        </test-method> <!-- initializeDriver -->
        <test-method status="PASS" signature="staff_003(java.lang.String, java.lang.String, java.lang.String, java.lang.String)[pri:0, instance:Test.Gurukula.StaffPageTest@5b0abc94]" name="staff_003" duration-ms="27223" started-at="2016-05-10T00:24:26Z" finished-at="2016-05-10T00:24:53Z">
          <params>
            <param index="0">
              <value>
                <![CDATA[StaffOne]]>
              </value>
            </param>
            <param index="1">
              <value>
                <![CDATA[BranchOne]]>
              </value>
            </param>
            <param index="2">
              <value>
                <![CDATA[BranchOne]]>
              </value>
            </param>
            <param index="3">
              <value>
                <![CDATA[12]]>
              </value>
            </param>
          </params>
          <reporter-output>
          </reporter-output>
        </test-method> <!-- staff_003 -->
        <test-method status="PASS" signature="afterTest(org.testng.ITestContext)[pri:0, instance:Test.Gurukula.StaffPageTest@5b0abc94]" name="afterTest" is-config="true" duration-ms="954" started-at="2016-05-10T00:24:53Z" finished-at="2016-05-10T00:24:54Z">
          <params>
            <param index="0">
              <value>
                <![CDATA[org.testng.TestRunner@3668d4]]>
              </value>
            </param>
          </params>
          <reporter-output>
          </reporter-output>
        </test-method> <!-- afterTest -->
      </class> <!-- Test.Gurukula.StaffPageTest -->
      <class name="Test.Gurukula.HomePageTest">
        <test-method status="PASS" signature="initializeDriver(org.testng.ITestContext)[pri:0, instance:Test.Gurukula.HomePageTest@1f1c7bf6]" name="initializeDriver" is-config="true" duration-ms="1285" started-at="2016-05-10T00:23:02Z" finished-at="2016-05-10T00:23:03Z">
          <params>
            <param index="0">
              <value>
                <![CDATA[org.testng.TestRunner@3668d4]]>
              </value>
            </param>
          </params>
          <reporter-output>
          </reporter-output>
        </test-method> <!-- initializeDriver -->
        <test-method status="PASS" signature="home_001(java.lang.String)[pri:0, instance:Test.Gurukula.HomePageTest@1f1c7bf6]" name="home_001" duration-ms="15265" started-at="2016-05-10T00:23:03Z" finished-at="2016-05-10T00:23:19Z">
          <params>
            <param index="0">
              <value>
                <![CDATA[Welcome to Gurukula!]]>
              </value>
            </param>
          </params>
          <reporter-output>
          </reporter-output>
        </test-method> <!-- home_001 -->
        <test-method status="PASS" signature="afterTest(org.testng.ITestContext)[pri:0, instance:Test.Gurukula.HomePageTest@1f1c7bf6]" name="afterTest" is-config="true" duration-ms="878" started-at="2016-05-10T00:23:19Z" finished-at="2016-05-10T00:23:20Z">
          <params>
            <param index="0">
              <value>
                <![CDATA[org.testng.TestRunner@3668d4]]>
              </value>
            </param>
          </params>
          <reporter-output>
          </reporter-output>
        </test-method> <!-- afterTest -->
        <test-method status="PASS" signature="initializeDriver(org.testng.ITestContext)[pri:0, instance:Test.Gurukula.HomePageTest@1f1c7bf6]" name="initializeDriver" is-config="true" duration-ms="1277" started-at="2016-05-10T00:23:20Z" finished-at="2016-05-10T00:23:21Z">
          <params>
            <param index="0">
              <value>
                <![CDATA[org.testng.TestRunner@3668d4]]>
              </value>
            </param>
          </params>
          <reporter-output>
          </reporter-output>
        </test-method> <!-- initializeDriver -->
        <test-method status="PASS" signature="home_002()[pri:0, instance:Test.Gurukula.HomePageTest@1f1c7bf6]" name="home_002" duration-ms="15188" started-at="2016-05-10T00:23:21Z" finished-at="2016-05-10T00:23:36Z">
          <reporter-output>
          </reporter-output>
        </test-method> <!-- home_002 -->
        <test-method status="PASS" signature="afterTest(org.testng.ITestContext)[pri:0, instance:Test.Gurukula.HomePageTest@1f1c7bf6]" name="afterTest" is-config="true" duration-ms="924" started-at="2016-05-10T00:23:36Z" finished-at="2016-05-10T00:23:37Z">
          <params>
            <param index="0">
              <value>
                <![CDATA[org.testng.TestRunner@3668d4]]>
              </value>
            </param>
          </params>
          <reporter-output>
          </reporter-output>
        </test-method> <!-- afterTest -->
      </class> <!-- Test.Gurukula.HomePageTest -->
      <class name="Test.Gurukula.LoginPageTest">
        <test-method status="PASS" signature="initializeDriver(org.testng.ITestContext)[pri:0, instance:Test.Gurukula.LoginPageTest@7d68ef40]" name="initializeDriver" is-config="true" duration-ms="1227" started-at="2016-05-10T00:20:39Z" finished-at="2016-05-10T00:20:40Z">
          <params>
            <param index="0">
              <value>
                <![CDATA[org.testng.TestRunner@3668d4]]>
              </value>
            </param>
          </params>
          <reporter-output>
          </reporter-output>
        </test-method> <!-- initializeDriver -->
        <test-method status="PASS" signature="login_001(java.lang.String)[pri:0, instance:Test.Gurukula.LoginPageTest@7d68ef40]" name="login_001" duration-ms="15943" started-at="2016-05-10T00:20:40Z" finished-at="2016-05-10T00:20:56Z">
          <params>
            <param index="0">
              <value>
                <![CDATA[Welcome to Gurukula!]]>
              </value>
            </param>
          </params>
          <reporter-output>
          </reporter-output>
        </test-method> <!-- login_001 -->
        <test-method status="PASS" signature="afterTest(org.testng.ITestContext)[pri:0, instance:Test.Gurukula.LoginPageTest@7d68ef40]" name="afterTest" is-config="true" duration-ms="884" started-at="2016-05-10T00:20:56Z" finished-at="2016-05-10T00:20:57Z">
          <params>
            <param index="0">
              <value>
                <![CDATA[org.testng.TestRunner@3668d4]]>
              </value>
            </param>
          </params>
          <reporter-output>
          </reporter-output>
        </test-method> <!-- afterTest -->
        <test-method status="PASS" signature="initializeDriver(org.testng.ITestContext)[pri:0, instance:Test.Gurukula.LoginPageTest@7d68ef40]" name="initializeDriver" is-config="true" duration-ms="1259" started-at="2016-05-10T00:20:57Z" finished-at="2016-05-10T00:20:58Z">
          <params>
            <param index="0">
              <value>
                <![CDATA[org.testng.TestRunner@3668d4]]>
              </value>
            </param>
          </params>
          <reporter-output>
          </reporter-output>
        </test-method> <!-- initializeDriver -->
        <test-method status="PASS" signature="login_002(java.lang.String)[pri:0, instance:Test.Gurukula.LoginPageTest@7d68ef40]" name="login_002" duration-ms="15750" started-at="2016-05-10T00:20:58Z" finished-at="2016-05-10T00:21:14Z">
          <params>
            <param index="0">
              <value>
                <![CDATA[Authentication failed!]]>
              </value>
            </param>
          </params>
          <reporter-output>
          </reporter-output>
        </test-method> <!-- login_002 -->
        <test-method status="PASS" signature="afterTest(org.testng.ITestContext)[pri:0, instance:Test.Gurukula.LoginPageTest@7d68ef40]" name="afterTest" is-config="true" duration-ms="950" started-at="2016-05-10T00:21:14Z" finished-at="2016-05-10T00:21:15Z">
          <params>
            <param index="0">
              <value>
                <![CDATA[org.testng.TestRunner@3668d4]]>
              </value>
            </param>
          </params>
          <reporter-output>
          </reporter-output>
        </test-method> <!-- afterTest -->
        <test-method status="PASS" signature="initializeDriver(org.testng.ITestContext)[pri:0, instance:Test.Gurukula.LoginPageTest@7d68ef40]" name="initializeDriver" is-config="true" duration-ms="1254" started-at="2016-05-10T00:21:15Z" finished-at="2016-05-10T00:21:16Z">
          <params>
            <param index="0">
              <value>
                <![CDATA[org.testng.TestRunner@3668d4]]>
              </value>
            </param>
          </params>
          <reporter-output>
          </reporter-output>
        </test-method> <!-- initializeDriver -->
        <test-method status="PASS" signature="login_003(java.lang.String)[pri:0, instance:Test.Gurukula.LoginPageTest@7d68ef40]" name="login_003" duration-ms="15348" started-at="2016-05-10T00:21:16Z" finished-at="2016-05-10T00:21:32Z">
          <params>
            <param index="0">
              <value>
                <![CDATA[Reset your password]]>
              </value>
            </param>
          </params>
          <reporter-output>
          </reporter-output>
        </test-method> <!-- login_003 -->
        <test-method status="PASS" signature="afterTest(org.testng.ITestContext)[pri:0, instance:Test.Gurukula.LoginPageTest@7d68ef40]" name="afterTest" is-config="true" duration-ms="966" started-at="2016-05-10T00:21:32Z" finished-at="2016-05-10T00:21:33Z">
          <params>
            <param index="0">
              <value>
                <![CDATA[org.testng.TestRunner@3668d4]]>
              </value>
            </param>
          </params>
          <reporter-output>
          </reporter-output>
        </test-method> <!-- afterTest -->
        <test-method status="PASS" signature="initializeDriver(org.testng.ITestContext)[pri:0, instance:Test.Gurukula.LoginPageTest@7d68ef40]" name="initializeDriver" is-config="true" duration-ms="1328" started-at="2016-05-10T00:21:33Z" finished-at="2016-05-10T00:21:34Z">
          <params>
            <param index="0">
              <value>
                <![CDATA[org.testng.TestRunner@3668d4]]>
              </value>
            </param>
          </params>
          <reporter-output>
          </reporter-output>
        </test-method> <!-- initializeDriver -->
        <test-method status="PASS" signature="login_004(java.lang.String, java.lang.String)[pri:0, instance:Test.Gurukula.LoginPageTest@7d68ef40]" name="login_004" duration-ms="15753" started-at="2016-05-10T00:21:34Z" finished-at="2016-05-10T00:21:50Z">
          <params>
            <param index="0">
              <value>
                <![CDATA[Vikram.Gudidevuni@gmail.com]]>
              </value>
            </param>
            <param index="1">
              <value>
                <![CDATA[E-Mail address isn't registered!]]>
              </value>
            </param>
          </params>
          <reporter-output>
          </reporter-output>
        </test-method> <!-- login_004 -->
        <test-method status="PASS" signature="afterTest(org.testng.ITestContext)[pri:0, instance:Test.Gurukula.LoginPageTest@7d68ef40]" name="afterTest" is-config="true" duration-ms="874" started-at="2016-05-10T00:21:50Z" finished-at="2016-05-10T00:21:51Z">
          <params>
            <param index="0">
              <value>
                <![CDATA[org.testng.TestRunner@3668d4]]>
              </value>
            </param>
          </params>
          <reporter-output>
          </reporter-output>
        </test-method> <!-- afterTest -->
        <test-method status="PASS" signature="initializeDriver(org.testng.ITestContext)[pri:0, instance:Test.Gurukula.LoginPageTest@7d68ef40]" name="initializeDriver" is-config="true" duration-ms="1286" started-at="2016-05-10T00:21:51Z" finished-at="2016-05-10T00:21:52Z">
          <params>
            <param index="0">
              <value>
                <![CDATA[org.testng.TestRunner@3668d4]]>
              </value>
            </param>
          </params>
          <reporter-output>
          </reporter-output>
        </test-method> <!-- initializeDriver -->
        <test-method status="PASS" signature="login_005(java.lang.String, java.lang.String)[pri:0, instance:Test.Gurukula.LoginPageTest@7d68ef40]" name="login_005" duration-ms="15580" started-at="2016-05-10T00:21:52Z" finished-at="2016-05-10T00:22:07Z">
          <params>
            <param index="0">
              <value>
                <![CDATA[Test]]>
              </value>
            </param>
            <param index="1">
              <value>
                <![CDATA[Your e-mail is invalid.]]>
              </value>
            </param>
          </params>
          <reporter-output>
          </reporter-output>
        </test-method> <!-- login_005 -->
        <test-method status="PASS" signature="afterTest(org.testng.ITestContext)[pri:0, instance:Test.Gurukula.LoginPageTest@7d68ef40]" name="afterTest" is-config="true" duration-ms="982" started-at="2016-05-10T00:22:07Z" finished-at="2016-05-10T00:22:08Z">
          <params>
            <param index="0">
              <value>
                <![CDATA[org.testng.TestRunner@3668d4]]>
              </value>
            </param>
          </params>
          <reporter-output>
          </reporter-output>
        </test-method> <!-- afterTest -->
        <test-method status="PASS" signature="initializeDriver(org.testng.ITestContext)[pri:0, instance:Test.Gurukula.LoginPageTest@7d68ef40]" name="initializeDriver" is-config="true" duration-ms="1392" started-at="2016-05-10T00:22:08Z" finished-at="2016-05-10T00:22:10Z">
          <params>
            <param index="0">
              <value>
                <![CDATA[org.testng.TestRunner@3668d4]]>
              </value>
            </param>
          </params>
          <reporter-output>
          </reporter-output>
        </test-method> <!-- initializeDriver -->
        <test-method status="PASS" signature="login_006(java.lang.String)[pri:0, instance:Test.Gurukula.LoginPageTest@7d68ef40]" name="login_006" duration-ms="15350" started-at="2016-05-10T00:22:10Z" finished-at="2016-05-10T00:22:25Z">
          <params>
            <param index="0">
              <value>
                <![CDATA[Registration]]>
              </value>
            </param>
          </params>
          <reporter-output>
          </reporter-output>
        </test-method> <!-- login_006 -->
        <test-method status="PASS" signature="afterTest(org.testng.ITestContext)[pri:0, instance:Test.Gurukula.LoginPageTest@7d68ef40]" name="afterTest" is-config="true" duration-ms="928" started-at="2016-05-10T00:22:25Z" finished-at="2016-05-10T00:22:26Z">
          <params>
            <param index="0">
              <value>
                <![CDATA[org.testng.TestRunner@3668d4]]>
              </value>
            </param>
          </params>
          <reporter-output>
          </reporter-output>
        </test-method> <!-- afterTest -->
        <test-method status="PASS" signature="initializeDriver(org.testng.ITestContext)[pri:0, instance:Test.Gurukula.LoginPageTest@7d68ef40]" name="initializeDriver" is-config="true" duration-ms="1340" started-at="2016-05-10T00:22:26Z" finished-at="2016-05-10T00:22:27Z">
          <params>
            <param index="0">
              <value>
                <![CDATA[org.testng.TestRunner@3668d4]]>
              </value>
            </param>
          </params>
          <reporter-output>
          </reporter-output>
        </test-method> <!-- initializeDriver -->
        <test-method status="PASS" signature="login_007()[pri:0, instance:Test.Gurukula.LoginPageTest@7d68ef40]" name="login_007" duration-ms="15602" started-at="2016-05-10T00:22:27Z" finished-at="2016-05-10T00:22:43Z">
          <reporter-output>
          </reporter-output>
        </test-method> <!-- login_007 -->
        <test-method status="PASS" signature="afterTest(org.testng.ITestContext)[pri:0, instance:Test.Gurukula.LoginPageTest@7d68ef40]" name="afterTest" is-config="true" duration-ms="880" started-at="2016-05-10T00:22:43Z" finished-at="2016-05-10T00:22:44Z">
          <params>
            <param index="0">
              <value>
                <![CDATA[org.testng.TestRunner@3668d4]]>
              </value>
            </param>
          </params>
          <reporter-output>
          </reporter-output>
        </test-method> <!-- afterTest -->
        <test-method status="PASS" signature="initializeDriver(org.testng.ITestContext)[pri:0, instance:Test.Gurukula.LoginPageTest@7d68ef40]" name="initializeDriver" is-config="true" duration-ms="1263" started-at="2016-05-10T00:22:44Z" finished-at="2016-05-10T00:22:45Z">
          <params>
            <param index="0">
              <value>
                <![CDATA[org.testng.TestRunner@3668d4]]>
              </value>
            </param>
          </params>
          <reporter-output>
          </reporter-output>
        </test-method> <!-- initializeDriver -->
        <test-method status="PASS" signature="login_008(java.lang.String, java.lang.String, java.lang.String)[pri:0, instance:Test.Gurukula.LoginPageTest@7d68ef40]" name="login_008" duration-ms="16090" started-at="2016-05-10T00:22:45Z" finished-at="2016-05-10T00:23:01Z">
          <params>
            <param index="0">
              <value>
                <![CDATA[Vikram]]>
              </value>
            </param>
            <param index="1">
              <value>
                <![CDATA[Vikram_1258@yhoo.com]]>
              </value>
            </param>
            <param index="2">
              <value>
                <![CDATA[Vikram!1234]]>
              </value>
            </param>
          </params>
          <reporter-output>
          </reporter-output>
        </test-method> <!-- login_008 -->
        <test-method status="PASS" signature="afterTest(org.testng.ITestContext)[pri:0, instance:Test.Gurukula.LoginPageTest@7d68ef40]" name="afterTest" is-config="true" duration-ms="903" started-at="2016-05-10T00:23:01Z" finished-at="2016-05-10T00:23:02Z">
          <params>
            <param index="0">
              <value>
                <![CDATA[org.testng.TestRunner@3668d4]]>
              </value>
            </param>
          </params>
          <reporter-output>
          </reporter-output>
        </test-method> <!-- afterTest -->
      </class> <!-- Test.Gurukula.LoginPageTest -->
    </test> <!-- Test -->
  </suite> <!-- Suite -->
</testng-results>
