<?xml version="1.0" encoding="UTF-8"?>
<!-- Generated by org.testng.reporters.JUnitXMLReporter -->
<testsuite hostname="VGUDIDEV-IN" name="Test" tests="24" failures="1" timestamp="9 May 2016 18:55:51 GMT" time="463.343" errors="0">
  <testcase name="account_001" time="17.818" classname="Test.Gurukula.AccountPageTest"/>
  <testcase name="account_002" time="17.251" classname="Test.Gurukula.AccountPageTest">
    <failure type="java.lang.AssertionError" message="expected [true] but found [false]">
      <![CDATA[java.lang.AssertionError: expected [true] but found [false]
	at Test.Gurukula.AccountPageTest.account_002(AccountPageTest.java:66)
... Removed 28 stack frames]]>
    </failure>
  </testcase> <!-- account_002 -->
  <testcase name="account_003" time="16.115" classname="Test.Gurukula.AccountPageTest"/>
  <testcase name="account_004" time="16.201" classname="Test.Gurukula.AccountPageTest"/>
  <testcase name="account_005" time="16.104" classname="Test.Gurukula.AccountPageTest"/>
  <testcase name="account_006" time="16.091" classname="Test.Gurukula.AccountPageTest"/>
  <testcase name="account_007" time="16.292" classname="Test.Gurukula.AccountPageTest"/>
  <testcase name="account_008" time="16.197" classname="Test.Gurukula.AccountPageTest"/>
  <testcase name="login_001" time="15.943" classname="Test.Gurukula.LoginPageTest"/>
  <testcase name="login_002" time="15.75" classname="Test.Gurukula.LoginPageTest"/>
  <testcase name="login_003" time="15.348" classname="Test.Gurukula.LoginPageTest"/>
  <testcase name="login_004" time="15.753" classname="Test.Gurukula.LoginPageTest"/>
  <testcase name="login_005" time="15.58" classname="Test.Gurukula.LoginPageTest"/>
  <testcase name="login_006" time="15.35" classname="Test.Gurukula.LoginPageTest"/>
  <testcase name="login_007" time="15.602" classname="Test.Gurukula.LoginPageTest"/>
  <testcase name="login_008" time="16.09" classname="Test.Gurukula.LoginPageTest"/>
  <testcase name="home_001" time="15.265" classname="Test.Gurukula.HomePageTest"/>
  <testcase name="home_002" time="15.188" classname="Test.Gurukula.HomePageTest"/>
  <testcase name="staff_001" time="15.59" classname="Test.Gurukula.StaffPageTest"/>
  <testcase name="staff_002" time="27.195" classname="Test.Gurukula.StaffPageTest"/>
  <testcase name="staff_003" time="27.223" classname="Test.Gurukula.StaffPageTest"/>
  <testcase name="branch_001" time="15.971" classname="Test.Gurukula.BranchPageTest"/>
  <testcase name="branch_002" time="17.348" classname="Test.Gurukula.BranchPageTest"/>
  <testcase name="branch_003" time="17.614" classname="Test.Gurukula.BranchPageTest"/>
</testsuite> <!-- Test -->
