<?xml version="1.0" encoding="UTF-8"?>
<!-- Generated by org.testng.reporters.JUnitXMLReporter -->
<testsuite hostname="VGUDIDEV-IN" name="Test" tests="24" failures="3" timestamp="9 May 2016 18:08:06 GMT" time="463.87" errors="0">
  <testcase name="account_001" time="17.771" classname="Test.Gurukula.AccountPageTest"/>
  <testcase name="account_003" time="16.529" classname="Test.Gurukula.AccountPageTest"/>
  <testcase name="account_004" time="16.337" classname="Test.Gurukula.AccountPageTest"/>
  <testcase name="account_006" time="16.097" classname="Test.Gurukula.AccountPageTest"/>
  <testcase name="account_008" time="16.211" classname="Test.Gurukula.AccountPageTest"/>
  <testcase name="account_007" time="16.167" classname="Test.Gurukula.AccountPageTest">
    <failure type="java.lang.AssertionError" message="expected [true] but found [false]">
      <![CDATA[java.lang.AssertionError: expected [true] but found [false]
	at Test.Gurukula.AccountPageTest.account_007(AccountPageTest.java:185)
	at org.apache.maven.surefire.testng.TestNGExecutor.run(TestNGExecutor.java:178)
	at org.apache.maven.surefire.testng.TestNGXmlTestSuite.execute(TestNGXmlTestSuite.java:92)
	at org.apache.maven.surefire.testng.TestNGProvider.invoke(TestNGProvider.java:96)
	at org.apache.maven.surefire.util.ReflectionUtils.invokeMethodWithArray2(ReflectionUtils.java:208)
	at org.apache.maven.surefire.booter.ProviderFactory$ProviderProxy.invoke(ProviderFactory.java:159)
	at org.apache.maven.surefire.booter.ProviderFactory.invokeProvider(ProviderFactory.java:87)
	at org.apache.maven.surefire.booter.ForkedBooter.runSuitesInProcess(ForkedBooter.java:153)
	at org.apache.maven.surefire.booter.ForkedBooter.main(ForkedBooter.java:95)
... Removed 29 stack frames]]>
    </failure>
  </testcase> <!-- account_007 -->
  <testcase name="account_005" time="16.212" classname="Test.Gurukula.AccountPageTest"/>
  <testcase name="account_002" time="16.821" classname="Test.Gurukula.AccountPageTest">
    <failure type="java.lang.AssertionError" message="expected [true] but found [false]">
      <![CDATA[java.lang.AssertionError: expected [true] but found [false]
	at Test.Gurukula.AccountPageTest.account_002(AccountPageTest.java:66)
	at org.apache.maven.surefire.testng.TestNGExecutor.run(TestNGExecutor.java:178)
	at org.apache.maven.surefire.testng.TestNGXmlTestSuite.execute(TestNGXmlTestSuite.java:92)
	at org.apache.maven.surefire.testng.TestNGProvider.invoke(TestNGProvider.java:96)
	at org.apache.maven.surefire.util.ReflectionUtils.invokeMethodWithArray2(ReflectionUtils.java:208)
	at org.apache.maven.surefire.booter.ProviderFactory$ProviderProxy.invoke(ProviderFactory.java:159)
	at org.apache.maven.surefire.booter.ProviderFactory.invokeProvider(ProviderFactory.java:87)
	at org.apache.maven.surefire.booter.ForkedBooter.runSuitesInProcess(ForkedBooter.java:153)
	at org.apache.maven.surefire.booter.ForkedBooter.main(ForkedBooter.java:95)
... Removed 29 stack frames]]>
    </failure>
  </testcase> <!-- account_002 -->
  <testcase name="login_001" time="15.839" classname="Test.Gurukula.LoginPageTest"/>
  <testcase name="login_002" time="15.789" classname="Test.Gurukula.LoginPageTest">
    <failure type="java.lang.AssertionError">
      <![CDATA[java.lang.AssertionError
	at org.junit.Assert.fail(Assert.java:92)
	at org.junit.Assert.assertTrue(Assert.java:43)
	at org.junit.Assert.assertTrue(Assert.java:54)
	at Test.Gurukula.LoginPageTest.login_002(LoginPageTest.java:62)
	at org.apache.maven.surefire.testng.TestNGExecutor.run(TestNGExecutor.java:178)
	at org.apache.maven.surefire.testng.TestNGXmlTestSuite.execute(TestNGXmlTestSuite.java:92)
	at org.apache.maven.surefire.testng.TestNGProvider.invoke(TestNGProvider.java:96)
	at org.apache.maven.surefire.util.ReflectionUtils.invokeMethodWithArray2(ReflectionUtils.java:208)
	at org.apache.maven.surefire.booter.ProviderFactory$ProviderProxy.invoke(ProviderFactory.java:159)
	at org.apache.maven.surefire.booter.ProviderFactory.invokeProvider(ProviderFactory.java:87)
	at org.apache.maven.surefire.booter.ForkedBooter.runSuitesInProcess(ForkedBooter.java:153)
	at org.apache.maven.surefire.booter.ForkedBooter.main(ForkedBooter.java:95)
... Removed 25 stack frames]]>
    </failure>
  </testcase> <!-- login_002 -->
  <testcase name="login_003" time="15.395" classname="Test.Gurukula.LoginPageTest"/>
  <testcase name="login_004" time="15.752" classname="Test.Gurukula.LoginPageTest"/>
  <testcase name="login_005" time="15.979" classname="Test.Gurukula.LoginPageTest"/>
  <testcase name="login_006" time="15.598" classname="Test.Gurukula.LoginPageTest"/>
  <testcase name="login_007" time="15.649" classname="Test.Gurukula.LoginPageTest"/>
  <testcase name="login_008" time="16.317" classname="Test.Gurukula.LoginPageTest"/>
  <testcase name="home_001" time="15.211" classname="Test.Gurukula.HomePageTest"/>
  <testcase name="home_002" time="15.101" classname="Test.Gurukula.HomePageTest"/>
  <testcase name="staff_001" time="15.535" classname="Test.Gurukula.StaffPageTest"/>
  <testcase name="staff_002" time="26.959" classname="Test.Gurukula.StaffPageTest"/>
  <testcase name="staff_003" time="27.247" classname="Test.Gurukula.StaffPageTest"/>
  <testcase name="branch_001" time="16.058" classname="Test.Gurukula.BranchPageTest"/>
  <testcase name="branch_002" time="17.616" classname="Test.Gurukula.BranchPageTest"/>
  <testcase name="branch_003" time="17.564" classname="Test.Gurukula.BranchPageTest"/>
</testsuite> <!-- Test -->
