<html>
<head>
<title>TestNG:  Test</title>
<link href="../testng.css" rel="stylesheet" type="text/css" />
<link href="../my-testng.css" rel="stylesheet" type="text/css" />

<style type="text/css">
.log { display: none;} 
.stack-trace { display: none;} 
</style>
<script type="text/javascript">
<!--
function flip(e) {
  current = e.style.display;
  if (current == 'block') {
    e.style.display = 'none';
    return 0;
  }
  else {
    e.style.display = 'block';
    return 1;
  }
}

function toggleBox(szDivId, elem, msg1, msg2)
{
  var res = -1;  if (document.getElementById) {
    res = flip(document.getElementById(szDivId));
  }
  else if (document.all) {
    // this is the way old msie versions work
    res = flip(document.all[szDivId]);
  }
  if(elem) {
    if(res == 0) elem.innerHTML = msg1; else elem.innerHTML = msg2;
  }

}

function toggleAllBoxes() {
  if (document.getElementsByTagName) {
    d = document.getElementsByTagName('div');
    for (i = 0; i < d.length; i++) {
      if (d[i].className == 'log') {
        flip(d[i]);
      }
    }
  }
}

// -->
</script>

</head>
<body>
<h2 align='center'>Test</h2><table border='1' align="center">
<tr>
<td>Tests passed/Failed/Skipped:</td><td>21/3/0</td>
</tr><tr>
<td>Started on:</td><td>Mon May 09 23:30:22 IST 2016</td>
</tr>
<tr><td>Total time:</td><td>463 seconds (463870 ms)</td>
</tr><tr>
<td>Included groups:</td><td></td>
</tr><tr>
<td>Excluded groups:</td><td></td>
</tr>
</table><p/>
<small><i>(Hover the method name to see the test class name)</i></small><p/>
<table width='100%' border='1' class='invocation-failed'>
<tr><td colspan='4' align='center'><b>FAILED TESTS</b></td></tr>
<tr><td><b>Test method</b></td>
<td width="30%"><b>Exception</b></td>
<td width="10%"><b>Time (seconds)</b></td>
<td><b>Instance</b></td>
</tr>
<tr>
<td title='Test.Gurukula.AccountPageTest.account_002()'><b>account_002</b><br>Test class: Test.Gurukula.AccountPageTest<br>Parameters: vikram, gudidevuni, Vikram.Gudidevuni@gmail.com,  Settings saved.</td>
<td><div><pre>java.lang.AssertionError: expected [true] but found [false]
	at Test.Gurukula.AccountPageTest.account_002(AccountPageTest.java:66)
	at org.apache.maven.surefire.testng.TestNGExecutor.run(TestNGExecutor.java:178)
	at org.apache.maven.surefire.testng.TestNGXmlTestSuite.execute(TestNGXmlTestSuite.java:92)
	at org.apache.maven.surefire.testng.TestNGProvider.invoke(TestNGProvider.java:96)
	at org.apache.maven.surefire.util.ReflectionUtils.invokeMethodWithArray2(ReflectionUtils.java:208)
	at org.apache.maven.surefire.booter.ProviderFactory$ProviderProxy.invoke(ProviderFactory.java:159)
	at org.apache.maven.surefire.booter.ProviderFactory.invokeProvider(ProviderFactory.java:87)
	at org.apache.maven.surefire.booter.ForkedBooter.runSuitesInProcess(ForkedBooter.java:153)
	at org.apache.maven.surefire.booter.ForkedBooter.main(ForkedBooter.java:95)
... Removed 29 stack frames</pre></div><a href='#' onClick='toggleBox("stack-trace1329315688", this, "Click to show all stack frames", "Click to hide stack frames")'>Click to show all stack frames</a>
<div class='stack-trace' id='stack-trace1329315688'><pre>java.lang.AssertionError: expected [true] but found [false]
	at org.testng.Assert.fail(Assert.java:94)
	at org.testng.Assert.failNotEquals(Assert.java:494)
	at org.testng.Assert.assertTrue(Assert.java:42)
	at org.testng.Assert.assertTrue(Assert.java:52)
	at Test.Gurukula.AccountPageTest.account_002(AccountPageTest.java:66)
	at sun.reflect.NativeMethodAccessorImpl.invoke0(Native Method)
	at sun.reflect.NativeMethodAccessorImpl.invoke(NativeMethodAccessorImpl.java:62)
	at sun.reflect.DelegatingMethodAccessorImpl.invoke(DelegatingMethodAccessorImpl.java:43)
	at java.lang.reflect.Method.invoke(Method.java:497)
	at org.testng.internal.MethodInvocationHelper.invokeMethod(MethodInvocationHelper.java:80)
	at org.testng.internal.Invoker.invokeMethod(Invoker.java:714)
	at org.testng.internal.Invoker.invokeTestMethod(Invoker.java:901)
	at org.testng.internal.Invoker.invokeTestMethods(Invoker.java:1231)
	at org.testng.internal.TestMethodWorker.invokeTestMethods(TestMethodWorker.java:127)
	at org.testng.internal.TestMethodWorker.run(TestMethodWorker.java:111)
	at org.testng.TestRunner.privateRun(TestRunner.java:767)
	at org.testng.TestRunner.run(TestRunner.java:617)
	at org.testng.SuiteRunner.runTest(SuiteRunner.java:334)
	at org.testng.SuiteRunner.runSequentially(SuiteRunner.java:329)
	at org.testng.SuiteRunner.privateRun(SuiteRunner.java:291)
	at org.testng.SuiteRunner.run(SuiteRunner.java:240)
	at org.testng.SuiteRunnerWorker.runSuite(SuiteRunnerWorker.java:52)
	at org.testng.SuiteRunnerWorker.run(SuiteRunnerWorker.java:86)
	at org.testng.TestNG.runSuitesSequentially(TestNG.java:1198)
	at org.testng.TestNG.runSuitesLocally(TestNG.java:1123)
	at org.testng.TestNG.run(TestNG.java:1031)
	at org.apache.maven.surefire.testng.TestNGExecutor.run(TestNGExecutor.java:178)
	at org.apache.maven.surefire.testng.TestNGXmlTestSuite.execute(TestNGXmlTestSuite.java:92)
	at org.apache.maven.surefire.testng.TestNGProvider.invoke(TestNGProvider.java:96)
	at sun.reflect.NativeMethodAccessorImpl.invoke0(Native Method)
	at sun.reflect.NativeMethodAccessorImpl.invoke(NativeMethodAccessorImpl.java:62)
	at sun.reflect.DelegatingMethodAccessorImpl.invoke(DelegatingMethodAccessorImpl.java:43)
	at java.lang.reflect.Method.invoke(Method.java:497)
	at org.apache.maven.surefire.util.ReflectionUtils.invokeMethodWithArray2(ReflectionUtils.java:208)
	at org.apache.maven.surefire.booter.ProviderFactory$ProviderProxy.invoke(ProviderFactory.java:159)
	at org.apache.maven.surefire.booter.ProviderFactory.invokeProvider(ProviderFactory.java:87)
	at org.apache.maven.surefire.booter.ForkedBooter.runSuitesInProcess(ForkedBooter.java:153)
	at org.apache.maven.surefire.booter.ForkedBooter.main(ForkedBooter.java:95)
</pre></div></td>
<td>16</td>
<td>Test.Gurukula.AccountPageTest@11c20519</td></tr>
<tr>
<td title='Test.Gurukula.AccountPageTest.account_007()'><b>account_007</b><br>Test class: Test.Gurukula.AccountPageTest<br>Parameters: Session invalidated!</td>
<td><div><pre>java.lang.AssertionError: expected [true] but found [false]
	at Test.Gurukula.AccountPageTest.account_007(AccountPageTest.java:185)
	at org.apache.maven.surefire.testng.TestNGExecutor.run(TestNGExecutor.java:178)
	at org.apache.maven.surefire.testng.TestNGXmlTestSuite.execute(TestNGXmlTestSuite.java:92)
	at org.apache.maven.surefire.testng.TestNGProvider.invoke(TestNGProvider.java:96)
	at org.apache.maven.surefire.util.ReflectionUtils.invokeMethodWithArray2(ReflectionUtils.java:208)
	at org.apache.maven.surefire.booter.ProviderFactory$ProviderProxy.invoke(ProviderFactory.java:159)
	at org.apache.maven.surefire.booter.ProviderFactory.invokeProvider(ProviderFactory.java:87)
	at org.apache.maven.surefire.booter.ForkedBooter.runSuitesInProcess(ForkedBooter.java:153)
	at org.apache.maven.surefire.booter.ForkedBooter.main(ForkedBooter.java:95)
... Removed 29 stack frames</pre></div><a href='#' onClick='toggleBox("stack-trace937744315", this, "Click to show all stack frames", "Click to hide stack frames")'>Click to show all stack frames</a>
<div class='stack-trace' id='stack-trace937744315'><pre>java.lang.AssertionError: expected [true] but found [false]
	at org.testng.Assert.fail(Assert.java:94)
	at org.testng.Assert.failNotEquals(Assert.java:494)
	at org.testng.Assert.assertTrue(Assert.java:42)
	at org.testng.Assert.assertTrue(Assert.java:52)
	at Test.Gurukula.AccountPageTest.account_007(AccountPageTest.java:185)
	at sun.reflect.NativeMethodAccessorImpl.invoke0(Native Method)
	at sun.reflect.NativeMethodAccessorImpl.invoke(NativeMethodAccessorImpl.java:62)
	at sun.reflect.DelegatingMethodAccessorImpl.invoke(DelegatingMethodAccessorImpl.java:43)
	at java.lang.reflect.Method.invoke(Method.java:497)
	at org.testng.internal.MethodInvocationHelper.invokeMethod(MethodInvocationHelper.java:80)
	at org.testng.internal.Invoker.invokeMethod(Invoker.java:714)
	at org.testng.internal.Invoker.invokeTestMethod(Invoker.java:901)
	at org.testng.internal.Invoker.invokeTestMethods(Invoker.java:1231)
	at org.testng.internal.TestMethodWorker.invokeTestMethods(TestMethodWorker.java:127)
	at org.testng.internal.TestMethodWorker.run(TestMethodWorker.java:111)
	at org.testng.TestRunner.privateRun(TestRunner.java:767)
	at org.testng.TestRunner.run(TestRunner.java:617)
	at org.testng.SuiteRunner.runTest(SuiteRunner.java:334)
	at org.testng.SuiteRunner.runSequentially(SuiteRunner.java:329)
	at org.testng.SuiteRunner.privateRun(SuiteRunner.java:291)
	at org.testng.SuiteRunner.run(SuiteRunner.java:240)
	at org.testng.SuiteRunnerWorker.runSuite(SuiteRunnerWorker.java:52)
	at org.testng.SuiteRunnerWorker.run(SuiteRunnerWorker.java:86)
	at org.testng.TestNG.runSuitesSequentially(TestNG.java:1198)
	at org.testng.TestNG.runSuitesLocally(TestNG.java:1123)
	at org.testng.TestNG.run(TestNG.java:1031)
	at org.apache.maven.surefire.testng.TestNGExecutor.run(TestNGExecutor.java:178)
	at org.apache.maven.surefire.testng.TestNGXmlTestSuite.execute(TestNGXmlTestSuite.java:92)
	at org.apache.maven.surefire.testng.TestNGProvider.invoke(TestNGProvider.java:96)
	at sun.reflect.NativeMethodAccessorImpl.invoke0(Native Method)
	at sun.reflect.NativeMethodAccessorImpl.invoke(NativeMethodAccessorImpl.java:62)
	at sun.reflect.DelegatingMethodAccessorImpl.invoke(DelegatingMethodAccessorImpl.java:43)
	at java.lang.reflect.Method.invoke(Method.java:497)
	at org.apache.maven.surefire.util.ReflectionUtils.invokeMethodWithArray2(ReflectionUtils.java:208)
	at org.apache.maven.surefire.booter.ProviderFactory$ProviderProxy.invoke(ProviderFactory.java:159)
	at org.apache.maven.surefire.booter.ProviderFactory.invokeProvider(ProviderFactory.java:87)
	at org.apache.maven.surefire.booter.ForkedBooter.runSuitesInProcess(ForkedBooter.java:153)
	at org.apache.maven.surefire.booter.ForkedBooter.main(ForkedBooter.java:95)
</pre></div></td>
<td>16</td>
<td>Test.Gurukula.AccountPageTest@11c20519</td></tr>
<tr>
<td title='Test.Gurukula.LoginPageTest.login_002()'><b>login_002</b><br>Test class: Test.Gurukula.LoginPageTest<br>Parameters: Please check your credentials and try again.</td>
<td><div><pre>java.lang.AssertionError
	at org.junit.Assert.fail(Assert.java:92)
	at org.junit.Assert.assertTrue(Assert.java:43)
	at org.junit.Assert.assertTrue(Assert.java:54)
	at Test.Gurukula.LoginPageTest.login_002(LoginPageTest.java:62)
	at org.apache.maven.surefire.testng.TestNGExecutor.run(TestNGExecutor.java:178)
	at org.apache.maven.surefire.testng.TestNGXmlTestSuite.execute(TestNGXmlTestSuite.java:92)
	at org.apache.maven.surefire.testng.TestNGProvider.invoke(TestNGProvider.java:96)
	at org.apache.maven.surefire.util.ReflectionUtils.invokeMethodWithArray2(ReflectionUtils.java:208)
	at org.apache.maven.surefire.booter.ProviderFactory$ProviderProxy.invoke(ProviderFactory.java:159)
	at org.apache.maven.surefire.booter.ProviderFactory.invokeProvider(ProviderFactory.java:87)
	at org.apache.maven.surefire.booter.ForkedBooter.runSuitesInProcess(ForkedBooter.java:153)
	at org.apache.maven.surefire.booter.ForkedBooter.main(ForkedBooter.java:95)
... Removed 25 stack frames</pre></div><a href='#' onClick='toggleBox("stack-trace2050370411", this, "Click to show all stack frames", "Click to hide stack frames")'>Click to show all stack frames</a>
<div class='stack-trace' id='stack-trace2050370411'><pre>java.lang.AssertionError
	at org.junit.Assert.fail(Assert.java:92)
	at org.junit.Assert.assertTrue(Assert.java:43)
	at org.junit.Assert.assertTrue(Assert.java:54)
	at Test.Gurukula.LoginPageTest.login_002(LoginPageTest.java:62)
	at sun.reflect.NativeMethodAccessorImpl.invoke0(Native Method)
	at sun.reflect.NativeMethodAccessorImpl.invoke(NativeMethodAccessorImpl.java:62)
	at sun.reflect.DelegatingMethodAccessorImpl.invoke(DelegatingMethodAccessorImpl.java:43)
	at java.lang.reflect.Method.invoke(Method.java:497)
	at org.testng.internal.MethodInvocationHelper.invokeMethod(MethodInvocationHelper.java:80)
	at org.testng.internal.Invoker.invokeMethod(Invoker.java:714)
	at org.testng.internal.Invoker.invokeTestMethod(Invoker.java:901)
	at org.testng.internal.Invoker.invokeTestMethods(Invoker.java:1231)
	at org.testng.internal.TestMethodWorker.invokeTestMethods(TestMethodWorker.java:127)
	at org.testng.internal.TestMethodWorker.run(TestMethodWorker.java:111)
	at org.testng.TestRunner.privateRun(TestRunner.java:767)
	at org.testng.TestRunner.run(TestRunner.java:617)
	at org.testng.SuiteRunner.runTest(SuiteRunner.java:334)
	at org.testng.SuiteRunner.runSequentially(SuiteRunner.java:329)
	at org.testng.SuiteRunner.privateRun(SuiteRunner.java:291)
	at org.testng.SuiteRunner.run(SuiteRunner.java:240)
	at org.testng.SuiteRunnerWorker.runSuite(SuiteRunnerWorker.java:52)
	at org.testng.SuiteRunnerWorker.run(SuiteRunnerWorker.java:86)
	at org.testng.TestNG.runSuitesSequentially(TestNG.java:1198)
	at org.testng.TestNG.runSuitesLocally(TestNG.java:1123)
	at org.testng.TestNG.run(TestNG.java:1031)
	at org.apache.maven.surefire.testng.TestNGExecutor.run(TestNGExecutor.java:178)
	at org.apache.maven.surefire.testng.TestNGXmlTestSuite.execute(TestNGXmlTestSuite.java:92)
	at org.apache.maven.surefire.testng.TestNGProvider.invoke(TestNGProvider.java:96)
	at sun.reflect.NativeMethodAccessorImpl.invoke0(Native Method)
	at sun.reflect.NativeMethodAccessorImpl.invoke(NativeMethodAccessorImpl.java:62)
	at sun.reflect.DelegatingMethodAccessorImpl.invoke(DelegatingMethodAccessorImpl.java:43)
	at java.lang.reflect.Method.invoke(Method.java:497)
	at org.apache.maven.surefire.util.ReflectionUtils.invokeMethodWithArray2(ReflectionUtils.java:208)
	at org.apache.maven.surefire.booter.ProviderFactory$ProviderProxy.invoke(ProviderFactory.java:159)
	at org.apache.maven.surefire.booter.ProviderFactory.invokeProvider(ProviderFactory.java:87)
	at org.apache.maven.surefire.booter.ForkedBooter.runSuitesInProcess(ForkedBooter.java:153)
	at org.apache.maven.surefire.booter.ForkedBooter.main(ForkedBooter.java:95)
</pre></div></td>
<td>15</td>
<td>Test.Gurukula.LoginPageTest@4df828d7</td></tr>
</table><p>
<table width='100%' border='1' class='invocation-passed'>
<tr><td colspan='4' align='center'><b>PASSED TESTS</b></td></tr>
<tr><td><b>Test method</b></td>
<td width="30%"><b>Exception</b></td>
<td width="10%"><b>Time (seconds)</b></td>
<td><b>Instance</b></td>
</tr>
<tr>
<td title='Test.Gurukula.AccountPageTest.account_001()'><b>account_001</b><br>Test class: Test.Gurukula.AccountPageTest<br>Parameters: User settings for</td>
<td></td>
<td>17</td>
<td>Test.Gurukula.AccountPageTest@11c20519</td></tr>
<tr>
<td title='Test.Gurukula.AccountPageTest.account_003()'><b>account_003</b><br>Test class: Test.Gurukula.AccountPageTest<br>Parameters: Password for</td>
<td></td>
<td>16</td>
<td>Test.Gurukula.AccountPageTest@11c20519</td></tr>
<tr>
<td title='Test.Gurukula.AccountPageTest.account_004()'><b>account_004</b><br>Test class: Test.Gurukula.AccountPageTest<br>Parameters: Pas, Your password is required to be at least 5 characters.</td>
<td></td>
<td>16</td>
<td>Test.Gurukula.AccountPageTest@11c20519</td></tr>
<tr>
<td title='Test.Gurukula.AccountPageTest.account_005()'><b>account_005</b><br>Test class: Test.Gurukula.AccountPageTest<br>Parameters: Vikky123, (153, 255, 0)</td>
<td></td>
<td>16</td>
<td>Test.Gurukula.AccountPageTest@11c20519</td></tr>
<tr>
<td title='Test.Gurukula.AccountPageTest.account_006()'><b>account_006</b><br>Test class: Test.Gurukula.AccountPageTest<br>Parameters: Active sessions for</td>
<td></td>
<td>16</td>
<td>Test.Gurukula.AccountPageTest@11c20519</td></tr>
<tr>
<td title='Test.Gurukula.AccountPageTest.account_008()'><b>account_008</b><br>Test class: Test.Gurukula.AccountPageTest</td>
<td></td>
<td>16</td>
<td>Test.Gurukula.AccountPageTest@11c20519</td></tr>
<tr>
<td title='Test.Gurukula.BranchPageTest.branch_001()'><b>branch_001</b><br>Test class: Test.Gurukula.BranchPageTest<br>Parameters: Branches</td>
<td></td>
<td>16</td>
<td>Test.Gurukula.BranchPageTest@76329302</td></tr>
<tr>
<td title='Test.Gurukula.BranchPageTest.branch_002()'><b>branch_002</b><br>Test class: Test.Gurukula.BranchPageTest<br>Parameters: BranchOne, 12</td>
<td></td>
<td>17</td>
<td>Test.Gurukula.BranchPageTest@76329302</td></tr>
<tr>
<td title='Test.Gurukula.BranchPageTest.branch_003()'><b>branch_003</b><br>Test class: Test.Gurukula.BranchPageTest<br>Parameters: BranchOne, 12</td>
<td></td>
<td>17</td>
<td>Test.Gurukula.BranchPageTest@76329302</td></tr>
<tr>
<td title='Test.Gurukula.HomePageTest.home_001()'><b>home_001</b><br>Test class: Test.Gurukula.HomePageTest<br>Parameters: Welcome to Gurukula!</td>
<td></td>
<td>15</td>
<td>Test.Gurukula.HomePageTest@b59d31</td></tr>
<tr>
<td title='Test.Gurukula.HomePageTest.home_002()'><b>home_002</b><br>Test class: Test.Gurukula.HomePageTest</td>
<td></td>
<td>15</td>
<td>Test.Gurukula.HomePageTest@b59d31</td></tr>
<tr>
<td title='Test.Gurukula.LoginPageTest.login_001()'><b>login_001</b><br>Test class: Test.Gurukula.LoginPageTest<br>Parameters: Welcome to Gurukula!</td>
<td></td>
<td>15</td>
<td>Test.Gurukula.LoginPageTest@4df828d7</td></tr>
<tr>
<td title='Test.Gurukula.LoginPageTest.login_003()'><b>login_003</b><br>Test class: Test.Gurukula.LoginPageTest<br>Parameters: Reset your password</td>
<td></td>
<td>15</td>
<td>Test.Gurukula.LoginPageTest@4df828d7</td></tr>
<tr>
<td title='Test.Gurukula.LoginPageTest.login_004()'><b>login_004</b><br>Test class: Test.Gurukula.LoginPageTest<br>Parameters: Vikram.Gudidevuni@gmail.com, E-Mail address isn't registered!</td>
<td></td>
<td>15</td>
<td>Test.Gurukula.LoginPageTest@4df828d7</td></tr>
<tr>
<td title='Test.Gurukula.LoginPageTest.login_005()'><b>login_005</b><br>Test class: Test.Gurukula.LoginPageTest<br>Parameters: Test, Your e-mail is invalid.</td>
<td></td>
<td>15</td>
<td>Test.Gurukula.LoginPageTest@4df828d7</td></tr>
<tr>
<td title='Test.Gurukula.LoginPageTest.login_006()'><b>login_006</b><br>Test class: Test.Gurukula.LoginPageTest<br>Parameters: Registration</td>
<td></td>
<td>15</td>
<td>Test.Gurukula.LoginPageTest@4df828d7</td></tr>
<tr>
<td title='Test.Gurukula.LoginPageTest.login_007()'><b>login_007</b><br>Test class: Test.Gurukula.LoginPageTest</td>
<td></td>
<td>15</td>
<td>Test.Gurukula.LoginPageTest@4df828d7</td></tr>
<tr>
<td title='Test.Gurukula.LoginPageTest.login_008()'><b>login_008</b><br>Test class: Test.Gurukula.LoginPageTest<br>Parameters: Vikram, Vikram_1258@yhoo.com, Vikram!1234</td>
<td></td>
<td>16</td>
<td>Test.Gurukula.LoginPageTest@4df828d7</td></tr>
<tr>
<td title='Test.Gurukula.StaffPageTest.staff_001()'><b>staff_001</b><br>Test class: Test.Gurukula.StaffPageTest<br>Parameters: Staffs</td>
<td></td>
<td>15</td>
<td>Test.Gurukula.StaffPageTest@5e25a92e</td></tr>
<tr>
<td title='Test.Gurukula.StaffPageTest.staff_002()'><b>staff_002</b><br>Test class: Test.Gurukula.StaffPageTest<br>Parameters: StaffOne, BranchOne, BranchOne, 12</td>
<td></td>
<td>26</td>
<td>Test.Gurukula.StaffPageTest@5e25a92e</td></tr>
<tr>
<td title='Test.Gurukula.StaffPageTest.staff_003()'><b>staff_003</b><br>Test class: Test.Gurukula.StaffPageTest<br>Parameters: StaffOne, BranchOne, BranchOne, 12</td>
<td></td>
<td>27</td>
<td>Test.Gurukula.StaffPageTest@5e25a92e</td></tr>
</table><p>
</body>
</html>